#
# There is insufficient memory for the Java Runtime Environment to continue.
# Native memory allocation (malloc) failed to allocate 1050736 bytes for Chunk::new
# Possible reasons:
#   The system is out of physical RAM or swap space
#   The process is running with CompressedOops enabled, and the Java Heap may be blocking the growth of the native heap
# Possible solutions:
#   Reduce memory load on the system
#   Increase physical memory or swap space
#   Check if swap backing store is full
#   Decrease Java heap size (-Xmx/-Xms)
#   Decrease number of Java threads
#   Decrease Java thread stack sizes (-Xss)
#   Set larger code cache with -XX:ReservedCodeCacheSize=
#   JVM is running with Unscaled Compressed Oops mode in which the Java heap is
#     placed in the first 4GB address space. The Java Heap base address is the
#     maximum limit for the native heap growth. Please use -XX:HeapBaseMinAddress
#     to set the Java Heap base and to place the Java Heap above 4GB virtual address.
# This output file may be truncated or incomplete.
#
#  Out of Memory Error (arena.cpp:184), pid=24364, tid=17512
#
# JRE version: OpenJDK Runtime Environment Temurin-19.0.2+7 (19.0.2+7) (build 19.0.2+7)
# Java VM: OpenJDK 64-Bit Server VM Temurin-19.0.2+7 (19.0.2+7, mixed mode, sharing, tiered, compressed oops, compressed class ptrs, g1 gc, windows-amd64)
# No core dump will be written. Minidumps are not enabled by default on client versions of Windows
#

---------------  S U M M A R Y ------------

Command Line: --add-modules=ALL-SYSTEM --add-opens=java.base/java.util=ALL-UNNAMED --add-opens=java.base/java.lang=ALL-UNNAMED -Declipse.application=org.python.pydev.pydev_lsp.application -Dosgi.bundles.defaultStartLevel=4 -Declipse.product=org.python.pydev.pydev_lsp.product -Xmx1G -XX:+UseG1GC -XX:+UseStringDeduplication c:\Users\ashik\.vscode\extensions\fabioz.vscode-pydev-0.15.3\server\plugins\org.eclipse.equinox.launcher_1.6.700.v20240213-1244.jar -configuration c:\Users\ashik\.vscode\extensions\fabioz.vscode-pydev-0.15.3\server\config_win -data c:\Users\ashik\AppData\Roaming\Code\User\workspaceStorage\0e395f12ec09fda1e90ff1412467ec16\fabioz.vscode-pydev\pydev_ws

Host: Intel(R) Core(TM) i5-10300H CPU @ 2.50GHz, 8 cores, 7G,  Windows 11 , 64 bit Build 26100 (10.0.26100.4484)
Time: Sat Jul 19 13:17:51 2025 India Standard Time elapsed time: 11.073146 seconds (0d 0h 0m 11s)

---------------  T H R E A D  ---------------

Current thread (0x0000027cf6e31890):  JavaThread "C2 CompilerThread1" daemon [_thread_in_native, id=17512, stack(0x000000b61be00000,0x000000b61bf00000)]


Current CompileTask:
C2:  11073 2949       4       org.eclipse.core.internal.resources.AliasManager$LocationMap$$Lambda$138/0x0000000800db0228::compare (14 bytes)

Stack: [0x000000b61be00000,0x000000b61bf00000]
Native frames: (J=compiled Java code, j=interpreted, Vv=VM code, C=native code)
V  [jvm.dll+0x6e9e1a]
V  [jvm.dll+0x8a36c0]
V  [jvm.dll+0x8a50ae]
V  [jvm.dll+0x8a5763]
V  [jvm.dll+0x27bcdf]
V  [jvm.dll+0xc221f]
V  [jvm.dll+0xc2595]
V  [jvm.dll+0x2f2acf]
V  [jvm.dll+0x5ea39e]
V  [jvm.dll+0x24e6be]
V  [jvm.dll+0x2470ac]
V  [jvm.dll+0x244565]
V  [jvm.dll+0x1cf4b1]
V  [jvm.dll+0x254229]
V  [jvm.dll+0x252418]
V  [jvm.dll+0x85403d]
V  [jvm.dll+0x84de3a]
V  [jvm.dll+0x6e8abb]
C  [ucrtbase.dll+0x37b0]
C  [KERNEL32.DLL+0x2e8d7]
C  [ntdll.dll+0x3c34c]


---------------  P R O C E S S  ---------------

Threads class SMR info:
_java_thread_list=0x0000027cfcb838a0, length=26, elements={
0x0000027cdd602f50, 0x0000027cf6e0bb70, 0x0000027cf6e0d3b0, 0x0000027cf6e12b10,
0x0000027cf6e15c30, 0x0000027cf6e13fb0, 0x0000027cf6e16b10, 0x0000027cf6e1bee0,
0x0000027cf6e2fcc0, 0x0000027cf6e29c60, 0x0000027cfb0a2cb0, 0x0000027cfb155740,
0x0000027cfb889ee0, 0x0000027cfb1c5210, 0x0000027cfb97def0, 0x0000027cfb9f50b0,
0x0000027cfbfbb8f0, 0x0000027cfc19d090, 0x0000027cfc19e080, 0x0000027cfc19d5e0,
0x0000027cfc19e5d0, 0x0000027cfc19db30, 0x0000027cfb1dd6c0, 0x0000027cfb1df150,
0x0000027cf6e31890, 0x0000027cfb1e0140
}

Java Threads: ( => current thread )
  0x0000027cdd602f50 JavaThread "main" [_thread_blocked, id=10948, stack(0x000000b619c00000,0x000000b619d00000)]
  0x0000027cf6e0bb70 JavaThread "Reference Handler" daemon [_thread_blocked, id=25004, stack(0x000000b61a400000,0x000000b61a500000)]
  0x0000027cf6e0d3b0 JavaThread "Finalizer" daemon [_thread_blocked, id=10976, stack(0x000000b61a500000,0x000000b61a600000)]
  0x0000027cf6e12b10 JavaThread "Signal Dispatcher" daemon [_thread_blocked, id=11796, stack(0x000000b61a600000,0x000000b61a700000)]
  0x0000027cf6e15c30 JavaThread "Attach Listener" daemon [_thread_blocked, id=25124, stack(0x000000b61a700000,0x000000b61a800000)]
  0x0000027cf6e13fb0 JavaThread "Service Thread" daemon [_thread_blocked, id=24612, stack(0x000000b61a800000,0x000000b61a900000)]
  0x0000027cf6e16b10 JavaThread "Monitor Deflation Thread" daemon [_thread_blocked, id=7976, stack(0x000000b61a900000,0x000000b61aa00000)]
  0x0000027cf6e1bee0 JavaThread "C2 CompilerThread0" daemon [_thread_in_native, id=24268, stack(0x000000b61aa00000,0x000000b61ab00000)]
  0x0000027cf6e2fcc0 JavaThread "C1 CompilerThread0" daemon [_thread_in_vm, id=20572, stack(0x000000b61ab00000,0x000000b61ac00000)]
  0x0000027cf6e29c60 JavaThread "Sweeper thread" daemon [_thread_blocked, id=25560, stack(0x000000b61ac00000,0x000000b61ad00000)]
  0x0000027cfb0a2cb0 JavaThread "Common-Cleaner" daemon [_thread_blocked, id=16624, stack(0x000000b61ad00000,0x000000b61ae00000)]
  0x0000027cfb155740 JavaThread "Notification Thread" daemon [_thread_blocked, id=20432, stack(0x000000b61ae00000,0x000000b61af00000)]
  0x0000027cfb889ee0 JavaThread "Active Thread: Equinox Container: 130f32f7-4966-4099-8aa5-2dee8c8dd160" [_thread_blocked, id=24720, stack(0x000000b61b100000,0x000000b61b200000)]
  0x0000027cfb1c5210 JavaThread "Framework Event Dispatcher: Equinox Container: 130f32f7-4966-4099-8aa5-2dee8c8dd160" daemon [_thread_blocked, id=24880, stack(0x000000b61b800000,0x000000b61b900000)]
  0x0000027cfb97def0 JavaThread "Start Level: Equinox Container: 130f32f7-4966-4099-8aa5-2dee8c8dd160" daemon [_thread_blocked, id=24820, stack(0x000000b61b900000,0x000000b61ba00000)]
  0x0000027cfb9f50b0 JavaThread "SCR Component Actor" daemon [_thread_blocked, id=13912, stack(0x000000b61ba00000,0x000000b61bb00000)]
  0x0000027cfbfbb8f0 JavaThread "Worker-JM" [_thread_blocked, id=4436, stack(0x000000b61bd00000,0x000000b61be00000)]
  0x0000027cfc19d090 JavaThread "Worker-0" [_thread_blocked, id=25428, stack(0x000000b61bc00000,0x000000b61bd00000)]
  0x0000027cfc19e080 JavaThread "Worker-1: Refresh" [_thread_in_native, id=13376, stack(0x000000b61bf00000,0x000000b61c000000)]
  0x0000027cfc19d5e0 JavaThread "Worker-2: Searching for local changes" [_thread_in_native, id=9800, stack(0x000000b61c000000,0x000000b61c100000)]
  0x0000027cfc19e5d0 JavaThread "Worker-3" [_thread_blocked, id=23800, stack(0x000000b61c100000,0x000000b61c200000)]
  0x0000027cfc19db30 JavaThread "Worker-4" [_thread_blocked, id=13740, stack(0x000000b61c200000,0x000000b61c300000)]
  0x0000027cfb1dd6c0 JavaThread "Worker-5" [_thread_blocked, id=21636, stack(0x000000b61c300000,0x000000b61c400000)]
  0x0000027cfb1df150 JavaThread "pool-2-thread-1" [_thread_blocked, id=22272, stack(0x000000b61c400000,0x000000b61c500000)]
=>0x0000027cf6e31890 JavaThread "C2 CompilerThread1" daemon [_thread_in_native, id=17512, stack(0x000000b61be00000,0x000000b61bf00000)]
  0x0000027cfb1e0140 JavaThread "pool-1-thread-1" [_thread_in_Java, id=22440, stack(0x000000b61c500000,0x000000b61c600000)]

Other Threads:
  0x0000027cf6defdd0 VMThread "VM Thread" [stack: 0x000000b61a300000,0x000000b61a400000] [id=24660]
  0x0000027cfb155c80 WatcherThread "VM Periodic Task Thread" [stack: 0x000000b61af00000,0x000000b61b000000] [id=21472]
  0x0000027cdd6478a0 WorkerThread "GC Thread#0" [stack: 0x000000b619d00000,0x000000b619e00000] [id=16408]
  0x0000027cfb6474f0 WorkerThread "GC Thread#1" [stack: 0x000000b61b000000,0x000000b61b100000] [id=21772]
  0x0000027cfb8333d0 WorkerThread "GC Thread#2" [stack: 0x000000b61b200000,0x000000b61b300000] [id=21640]
  0x0000027cfb832b60 WorkerThread "GC Thread#3" [stack: 0x000000b61b300000,0x000000b61b400000] [id=17640]
  0x0000027cfb832e30 WorkerThread "GC Thread#4" [stack: 0x000000b61b400000,0x000000b61b500000] [id=24036]
  0x0000027cfb833100 WorkerThread "GC Thread#5" [stack: 0x000000b61b500000,0x000000b61b600000] [id=17840]
  0x0000027cfb8336a0 WorkerThread "GC Thread#6" [stack: 0x000000b61b600000,0x000000b61b700000] [id=22712]
  0x0000027cfb8341e0 WorkerThread "GC Thread#7" [stack: 0x000000b61b700000,0x000000b61b800000] [id=2904]
  0x0000027cdd650710 ConcurrentGCThread "G1 Main Marker" [stack: 0x000000b619e00000,0x000000b619f00000] [id=10872]
  0x0000027cdd651050 WorkerThread "G1 Conc#0" [stack: 0x000000b619f00000,0x000000b61a000000] [id=2140]
  0x0000027cf6ca50d0 ConcurrentGCThread "G1 Refine#0" [stack: 0x000000b61a000000,0x000000b61a100000] [id=13476]
  0x0000027cf6ca5b20 ConcurrentGCThread "G1 Service" [stack: 0x000000b61a100000,0x000000b61a200000] [id=20200]
  0x0000027cf6deba60 ConcurrentGCThread "StringDedupProcessor" [stack: 0x000000b61a200000,0x000000b61a300000] [id=10696]

Threads with active compile tasks:
C2 CompilerThread0    11129 2985       4       java.lang.invoke.MethodType::makeImpl (109 bytes)
C1 CompilerThread0    11129 3121       2       com.google.gson.stream.JsonReader::doPeek (744 bytes)
C2 CompilerThread1    11130 2949       4       org.eclipse.core.internal.resources.AliasManager$LocationMap$$Lambda$138/0x0000000800db0228::compare (14 bytes)

VM state: not at safepoint (normal execution)

VM Mutex/Monitor currently owned by a thread: None

Heap address: 0x00000000c0000000, size: 1024 MB, Compressed Oops mode: 32-bit

CDS archive(s) mapped at: [0x0000000800000000-0x0000000800ad0000-0x0000000800ad0000), size 11337728, SharedBaseAddress: 0x0000000800000000, ArchiveRelocationMode: 0.
Compressed class space mapped at: 0x0000000800c00000-0x0000000840c00000, reserved size: 1073741824
Narrow klass base: 0x0000000800000000, Narrow klass shift: 0, Narrow klass range: 0x100000000

GC Precious Log:
 CardTable entry size: 512
 Card Set container configuration: InlinePtr #cards 5 size 8 Array Of Cards #cards 12 size 40 Howl #buckets 4 coarsen threshold 1843 Howl Bitmap #cards 512 size 80 coarsen threshold 460 Card regions per heap region 1 cards per card region 2048
 CPUs: 8 total, 8 available
 Memory: 8029M
 Large Page Support: Disabled
 NUMA Support: Disabled
 Compressed Oops: Enabled (32-bit)
 Heap Region Size: 1M
 Heap Min Capacity: 8M
 Heap Initial Capacity: 126M
 Heap Max Capacity: 1G
 Pre-touch: Disabled
 Parallel Workers: 8
 Concurrent Workers: 2
 Concurrent Refinement Workers: 8
 Periodic GC: Disabled
 String Deduplication is enabled

Heap:
 garbage-first heap   total 129024K, used 24422K [0x00000000c0000000, 0x0000000100000000)
  region size 1024K, 17 young (17408K), 9 survivors (9216K)
 Metaspace       used 20201K, committed 20864K, reserved 1114112K
  class space    used 2108K, committed 2432K, reserved 1048576K

Heap Regions: E=young(eden), S=young(survivor), O=old, HS=humongous(starts), HC=humongous(continues), CS=collection set, F=free, OA=open archive, CA=closed archive, TAMS=top-at-mark-start (previous, next)
|   0|0x00000000c0000000, 0x00000000c0100000, 0x00000000c0100000|100%| O|  |TAMS 0x00000000c0000000, 0x00000000c0000000| Untracked 
|   1|0x00000000c0100000, 0x00000000c0200000, 0x00000000c0200000|100%| O|  |TAMS 0x00000000c0100000, 0x00000000c0100000| Untracked 
|   2|0x00000000c0200000, 0x00000000c0300000, 0x00000000c0300000|100%| O|  |TAMS 0x00000000c0200000, 0x00000000c0200000| Untracked 
|   3|0x00000000c0300000, 0x00000000c0400000, 0x00000000c0400000|100%| O|  |TAMS 0x00000000c0300000, 0x00000000c0300000| Untracked 
|   4|0x00000000c0400000, 0x00000000c0500000, 0x00000000c0500000|100%| O|  |TAMS 0x00000000c0400000, 0x00000000c0400000| Untracked 
|   5|0x00000000c0500000, 0x00000000c0600000, 0x00000000c0600000|100%| O|  |TAMS 0x00000000c0500000, 0x00000000c0500000| Untracked 
|   6|0x00000000c0600000, 0x00000000c0700000, 0x00000000c0700000|100%| O|  |TAMS 0x00000000c0600000, 0x00000000c0600000| Untracked 
|   7|0x00000000c0700000, 0x00000000c0800000, 0x00000000c0800000|100%| O|  |TAMS 0x00000000c0700000, 0x00000000c0700000| Untracked 
|   8|0x00000000c0800000, 0x00000000c0885800, 0x00000000c0900000| 52%| O|  |TAMS 0x00000000c0800000, 0x00000000c0800000| Untracked 
|   9|0x00000000c0900000, 0x00000000c0900000, 0x00000000c0a00000|  0%| F|  |TAMS 0x00000000c0900000, 0x00000000c0900000| Untracked 
|  10|0x00000000c0a00000, 0x00000000c0a00000, 0x00000000c0b00000|  0%| F|  |TAMS 0x00000000c0a00000, 0x00000000c0a00000| Untracked 
|  11|0x00000000c0b00000, 0x00000000c0b00000, 0x00000000c0c00000|  0%| F|  |TAMS 0x00000000c0b00000, 0x00000000c0b00000| Untracked 
|  12|0x00000000c0c00000, 0x00000000c0c00000, 0x00000000c0d00000|  0%| F|  |TAMS 0x00000000c0c00000, 0x00000000c0c00000| Untracked 
|  13|0x00000000c0d00000, 0x00000000c0d00000, 0x00000000c0e00000|  0%| F|  |TAMS 0x00000000c0d00000, 0x00000000c0d00000| Untracked 
|  14|0x00000000c0e00000, 0x00000000c0e00000, 0x00000000c0f00000|  0%| F|  |TAMS 0x00000000c0e00000, 0x00000000c0e00000| Untracked 
|  15|0x00000000c0f00000, 0x00000000c0f00000, 0x00000000c1000000|  0%| F|  |TAMS 0x00000000c0f00000, 0x00000000c0f00000| Untracked 
|  16|0x00000000c1000000, 0x00000000c1000000, 0x00000000c1100000|  0%| F|  |TAMS 0x00000000c1000000, 0x00000000c1000000| Untracked 
|  17|0x00000000c1100000, 0x00000000c1100000, 0x00000000c1200000|  0%| F|  |TAMS 0x00000000c1100000, 0x00000000c1100000| Untracked 
|  18|0x00000000c1200000, 0x00000000c1200000, 0x00000000c1300000|  0%| F|  |TAMS 0x00000000c1200000, 0x00000000c1200000| Untracked 
|  19|0x00000000c1300000, 0x00000000c1300000, 0x00000000c1400000|  0%| F|  |TAMS 0x00000000c1300000, 0x00000000c1300000| Untracked 
|  20|0x00000000c1400000, 0x00000000c1400000, 0x00000000c1500000|  0%| F|  |TAMS 0x00000000c1400000, 0x00000000c1400000| Untracked 
|  21|0x00000000c1500000, 0x00000000c1500000, 0x00000000c1600000|  0%| F|  |TAMS 0x00000000c1500000, 0x00000000c1500000| Untracked 
|  22|0x00000000c1600000, 0x00000000c1600000, 0x00000000c1700000|  0%| F|  |TAMS 0x00000000c1600000, 0x00000000c1600000| Untracked 
|  23|0x00000000c1700000, 0x00000000c1700000, 0x00000000c1800000|  0%| F|  |TAMS 0x00000000c1700000, 0x00000000c1700000| Untracked 
|  24|0x00000000c1800000, 0x00000000c1800000, 0x00000000c1900000|  0%| F|  |TAMS 0x00000000c1800000, 0x00000000c1800000| Untracked 
|  25|0x00000000c1900000, 0x00000000c1900000, 0x00000000c1a00000|  0%| F|  |TAMS 0x00000000c1900000, 0x00000000c1900000| Untracked 
|  26|0x00000000c1a00000, 0x00000000c1a00000, 0x00000000c1b00000|  0%| F|  |TAMS 0x00000000c1a00000, 0x00000000c1a00000| Untracked 
|  27|0x00000000c1b00000, 0x00000000c1b00000, 0x00000000c1c00000|  0%| F|  |TAMS 0x00000000c1b00000, 0x00000000c1b00000| Untracked 
|  28|0x00000000c1c00000, 0x00000000c1c00000, 0x00000000c1d00000|  0%| F|  |TAMS 0x00000000c1c00000, 0x00000000c1c00000| Untracked 
|  29|0x00000000c1d00000, 0x00000000c1d00000, 0x00000000c1e00000|  0%| F|  |TAMS 0x00000000c1d00000, 0x00000000c1d00000| Untracked 
|  30|0x00000000c1e00000, 0x00000000c1e00000, 0x00000000c1f00000|  0%| F|  |TAMS 0x00000000c1e00000, 0x00000000c1e00000| Untracked 
|  31|0x00000000c1f00000, 0x00000000c1f00000, 0x00000000c2000000|  0%| F|  |TAMS 0x00000000c1f00000, 0x00000000c1f00000| Untracked 
|  32|0x00000000c2000000, 0x00000000c2000000, 0x00000000c2100000|  0%| F|  |TAMS 0x00000000c2000000, 0x00000000c2000000| Untracked 
|  33|0x00000000c2100000, 0x00000000c2100000, 0x00000000c2200000|  0%| F|  |TAMS 0x00000000c2100000, 0x00000000c2100000| Untracked 
|  34|0x00000000c2200000, 0x00000000c2200000, 0x00000000c2300000|  0%| F|  |TAMS 0x00000000c2200000, 0x00000000c2200000| Untracked 
|  35|0x00000000c2300000, 0x00000000c2300000, 0x00000000c2400000|  0%| F|  |TAMS 0x00000000c2300000, 0x00000000c2300000| Untracked 
|  36|0x00000000c2400000, 0x00000000c2400000, 0x00000000c2500000|  0%| F|  |TAMS 0x00000000c2400000, 0x00000000c2400000| Untracked 
|  37|0x00000000c2500000, 0x00000000c2500000, 0x00000000c2600000|  0%| F|  |TAMS 0x00000000c2500000, 0x00000000c2500000| Untracked 
|  38|0x00000000c2600000, 0x00000000c2600000, 0x00000000c2700000|  0%| F|  |TAMS 0x00000000c2600000, 0x00000000c2600000| Untracked 
|  39|0x00000000c2700000, 0x00000000c2700000, 0x00000000c2800000|  0%| F|  |TAMS 0x00000000c2700000, 0x00000000c2700000| Untracked 
|  40|0x00000000c2800000, 0x00000000c2800000, 0x00000000c2900000|  0%| F|  |TAMS 0x00000000c2800000, 0x00000000c2800000| Untracked 
|  41|0x00000000c2900000, 0x00000000c2900000, 0x00000000c2a00000|  0%| F|  |TAMS 0x00000000c2900000, 0x00000000c2900000| Untracked 
|  42|0x00000000c2a00000, 0x00000000c2a00000, 0x00000000c2b00000|  0%| F|  |TAMS 0x00000000c2a00000, 0x00000000c2a00000| Untracked 
|  43|0x00000000c2b00000, 0x00000000c2b00000, 0x00000000c2c00000|  0%| F|  |TAMS 0x00000000c2b00000, 0x00000000c2b00000| Untracked 
|  44|0x00000000c2c00000, 0x00000000c2c00000, 0x00000000c2d00000|  0%| F|  |TAMS 0x00000000c2c00000, 0x00000000c2c00000| Untracked 
|  45|0x00000000c2d00000, 0x00000000c2d00000, 0x00000000c2e00000|  0%| F|  |TAMS 0x00000000c2d00000, 0x00000000c2d00000| Untracked 
|  46|0x00000000c2e00000, 0x00000000c2e00000, 0x00000000c2f00000|  0%| F|  |TAMS 0x00000000c2e00000, 0x00000000c2e00000| Untracked 
|  47|0x00000000c2f00000, 0x00000000c2f00000, 0x00000000c3000000|  0%| F|  |TAMS 0x00000000c2f00000, 0x00000000c2f00000| Untracked 
|  48|0x00000000c3000000, 0x00000000c3054220, 0x00000000c3100000| 32%| S|CS|TAMS 0x00000000c3000000, 0x00000000c3000000| Complete 
|  49|0x00000000c3100000, 0x00000000c3200000, 0x00000000c3200000|100%| S|CS|TAMS 0x00000000c3100000, 0x00000000c3100000| Complete 
|  50|0x00000000c3200000, 0x00000000c3300000, 0x00000000c3300000|100%| S|CS|TAMS 0x00000000c3200000, 0x00000000c3200000| Complete 
|  51|0x00000000c3300000, 0x00000000c3400000, 0x00000000c3400000|100%| S|CS|TAMS 0x00000000c3300000, 0x00000000c3300000| Complete 
|  52|0x00000000c3400000, 0x00000000c3500000, 0x00000000c3500000|100%| S|CS|TAMS 0x00000000c3400000, 0x00000000c3400000| Complete 
|  53|0x00000000c3500000, 0x00000000c3600000, 0x00000000c3600000|100%| S|CS|TAMS 0x00000000c3500000, 0x00000000c3500000| Complete 
|  54|0x00000000c3600000, 0x00000000c3700000, 0x00000000c3700000|100%| S|CS|TAMS 0x00000000c3600000, 0x00000000c3600000| Complete 
|  55|0x00000000c3700000, 0x00000000c3800000, 0x00000000c3800000|100%| S|CS|TAMS 0x00000000c3700000, 0x00000000c3700000| Complete 
|  56|0x00000000c3800000, 0x00000000c3900000, 0x00000000c3900000|100%| S|CS|TAMS 0x00000000c3800000, 0x00000000c3800000| Complete 
|  57|0x00000000c3900000, 0x00000000c3900000, 0x00000000c3a00000|  0%| F|  |TAMS 0x00000000c3900000, 0x00000000c3900000| Untracked 
|  58|0x00000000c3a00000, 0x00000000c3a00000, 0x00000000c3b00000|  0%| F|  |TAMS 0x00000000c3a00000, 0x00000000c3a00000| Untracked 
|  59|0x00000000c3b00000, 0x00000000c3b00000, 0x00000000c3c00000|  0%| F|  |TAMS 0x00000000c3b00000, 0x00000000c3b00000| Untracked 
|  60|0x00000000c3c00000, 0x00000000c3c00000, 0x00000000c3d00000|  0%| F|  |TAMS 0x00000000c3c00000, 0x00000000c3c00000| Untracked 
|  61|0x00000000c3d00000, 0x00000000c3d00000, 0x00000000c3e00000|  0%| F|  |TAMS 0x00000000c3d00000, 0x00000000c3d00000| Untracked 
|  62|0x00000000c3e00000, 0x00000000c3e00000, 0x00000000c3f00000|  0%| F|  |TAMS 0x00000000c3e00000, 0x00000000c3e00000| Untracked 
|  63|0x00000000c3f00000, 0x00000000c3f00000, 0x00000000c4000000|  0%| F|  |TAMS 0x00000000c3f00000, 0x00000000c3f00000| Untracked 
|  64|0x00000000c4000000, 0x00000000c4000000, 0x00000000c4100000|  0%| F|  |TAMS 0x00000000c4000000, 0x00000000c4000000| Untracked 
|  65|0x00000000c4100000, 0x00000000c4100000, 0x00000000c4200000|  0%| F|  |TAMS 0x00000000c4100000, 0x00000000c4100000| Untracked 
|  66|0x00000000c4200000, 0x00000000c4200000, 0x00000000c4300000|  0%| F|  |TAMS 0x00000000c4200000, 0x00000000c4200000| Untracked 
|  67|0x00000000c4300000, 0x00000000c4300000, 0x00000000c4400000|  0%| F|  |TAMS 0x00000000c4300000, 0x00000000c4300000| Untracked 
|  68|0x00000000c4400000, 0x00000000c4400000, 0x00000000c4500000|  0%| F|  |TAMS 0x00000000c4400000, 0x00000000c4400000| Untracked 
|  69|0x00000000c4500000, 0x00000000c4500000, 0x00000000c4600000|  0%| F|  |TAMS 0x00000000c4500000, 0x00000000c4500000| Untracked 
|  70|0x00000000c4600000, 0x00000000c4600000, 0x00000000c4700000|  0%| F|  |TAMS 0x00000000c4600000, 0x00000000c4600000| Untracked 
|  71|0x00000000c4700000, 0x00000000c4700000, 0x00000000c4800000|  0%| F|  |TAMS 0x00000000c4700000, 0x00000000c4700000| Untracked 
|  72|0x00000000c4800000, 0x00000000c4800000, 0x00000000c4900000|  0%| F|  |TAMS 0x00000000c4800000, 0x00000000c4800000| Untracked 
|  73|0x00000000c4900000, 0x00000000c4900000, 0x00000000c4a00000|  0%| F|  |TAMS 0x00000000c4900000, 0x00000000c4900000| Untracked 
|  74|0x00000000c4a00000, 0x00000000c4a00000, 0x00000000c4b00000|  0%| F|  |TAMS 0x00000000c4a00000, 0x00000000c4a00000| Untracked 
|  75|0x00000000c4b00000, 0x00000000c4b00000, 0x00000000c4c00000|  0%| F|  |TAMS 0x00000000c4b00000, 0x00000000c4b00000| Untracked 
|  76|0x00000000c4c00000, 0x00000000c4c00000, 0x00000000c4d00000|  0%| F|  |TAMS 0x00000000c4c00000, 0x00000000c4c00000| Untracked 
|  77|0x00000000c4d00000, 0x00000000c4d00000, 0x00000000c4e00000|  0%| F|  |TAMS 0x00000000c4d00000, 0x00000000c4d00000| Untracked 
|  78|0x00000000c4e00000, 0x00000000c4e00000, 0x00000000c4f00000|  0%| F|  |TAMS 0x00000000c4e00000, 0x00000000c4e00000| Untracked 
|  79|0x00000000c4f00000, 0x00000000c4f00000, 0x00000000c5000000|  0%| F|  |TAMS 0x00000000c4f00000, 0x00000000c4f00000| Untracked 
|  80|0x00000000c5000000, 0x00000000c5000000, 0x00000000c5100000|  0%| F|  |TAMS 0x00000000c5000000, 0x00000000c5000000| Untracked 
|  81|0x00000000c5100000, 0x00000000c5100000, 0x00000000c5200000|  0%| F|  |TAMS 0x00000000c5100000, 0x00000000c5100000| Untracked 
|  82|0x00000000c5200000, 0x00000000c5200000, 0x00000000c5300000|  0%| F|  |TAMS 0x00000000c5200000, 0x00000000c5200000| Untracked 
|  83|0x00000000c5300000, 0x00000000c5300000, 0x00000000c5400000|  0%| F|  |TAMS 0x00000000c5300000, 0x00000000c5300000| Untracked 
|  84|0x00000000c5400000, 0x00000000c5400000, 0x00000000c5500000|  0%| F|  |TAMS 0x00000000c5400000, 0x00000000c5400000| Untracked 
|  85|0x00000000c5500000, 0x00000000c5500000, 0x00000000c5600000|  0%| F|  |TAMS 0x00000000c5500000, 0x00000000c5500000| Untracked 
|  86|0x00000000c5600000, 0x00000000c5600000, 0x00000000c5700000|  0%| F|  |TAMS 0x00000000c5600000, 0x00000000c5600000| Untracked 
|  87|0x00000000c5700000, 0x00000000c5700000, 0x00000000c5800000|  0%| F|  |TAMS 0x00000000c5700000, 0x00000000c5700000| Untracked 
|  88|0x00000000c5800000, 0x00000000c5800000, 0x00000000c5900000|  0%| F|  |TAMS 0x00000000c5800000, 0x00000000c5800000| Untracked 
|  89|0x00000000c5900000, 0x00000000c5900000, 0x00000000c5a00000|  0%| F|  |TAMS 0x00000000c5900000, 0x00000000c5900000| Untracked 
|  90|0x00000000c5a00000, 0x00000000c5a00000, 0x00000000c5b00000|  0%| F|  |TAMS 0x00000000c5a00000, 0x00000000c5a00000| Untracked 
|  91|0x00000000c5b00000, 0x00000000c5b00000, 0x00000000c5c00000|  0%| F|  |TAMS 0x00000000c5b00000, 0x00000000c5b00000| Untracked 
|  92|0x00000000c5c00000, 0x00000000c5c00000, 0x00000000c5d00000|  0%| F|  |TAMS 0x00000000c5c00000, 0x00000000c5c00000| Untracked 
|  93|0x00000000c5d00000, 0x00000000c5d00000, 0x00000000c5e00000|  0%| F|  |TAMS 0x00000000c5d00000, 0x00000000c5d00000| Untracked 
|  94|0x00000000c5e00000, 0x00000000c5e00000, 0x00000000c5f00000|  0%| F|  |TAMS 0x00000000c5e00000, 0x00000000c5e00000| Untracked 
|  95|0x00000000c5f00000, 0x00000000c5f00000, 0x00000000c6000000|  0%| F|  |TAMS 0x00000000c5f00000, 0x00000000c5f00000| Untracked 
|  96|0x00000000c6000000, 0x00000000c6000000, 0x00000000c6100000|  0%| F|  |TAMS 0x00000000c6000000, 0x00000000c6000000| Untracked 
|  97|0x00000000c6100000, 0x00000000c6100000, 0x00000000c6200000|  0%| F|  |TAMS 0x00000000c6100000, 0x00000000c6100000| Untracked 
|  98|0x00000000c6200000, 0x00000000c6200000, 0x00000000c6300000|  0%| F|  |TAMS 0x00000000c6200000, 0x00000000c6200000| Untracked 
|  99|0x00000000c6300000, 0x00000000c6300000, 0x00000000c6400000|  0%| F|  |TAMS 0x00000000c6300000, 0x00000000c6300000| Untracked 
| 100|0x00000000c6400000, 0x00000000c6400000, 0x00000000c6500000|  0%| F|  |TAMS 0x00000000c6400000, 0x00000000c6400000| Untracked 
| 101|0x00000000c6500000, 0x00000000c6500000, 0x00000000c6600000|  0%| F|  |TAMS 0x00000000c6500000, 0x00000000c6500000| Untracked 
| 102|0x00000000c6600000, 0x00000000c6600000, 0x00000000c6700000|  0%| F|  |TAMS 0x00000000c6600000, 0x00000000c6600000| Untracked 
| 103|0x00000000c6700000, 0x00000000c6700000, 0x00000000c6800000|  0%| F|  |TAMS 0x00000000c6700000, 0x00000000c6700000| Untracked 
| 104|0x00000000c6800000, 0x00000000c6800000, 0x00000000c6900000|  0%| F|  |TAMS 0x00000000c6800000, 0x00000000c6800000| Untracked 
| 105|0x00000000c6900000, 0x00000000c6900000, 0x00000000c6a00000|  0%| F|  |TAMS 0x00000000c6900000, 0x00000000c6900000| Untracked 
| 106|0x00000000c6a00000, 0x00000000c6a00000, 0x00000000c6b00000|  0%| F|  |TAMS 0x00000000c6a00000, 0x00000000c6a00000| Untracked 
| 107|0x00000000c6b00000, 0x00000000c6b00000, 0x00000000c6c00000|  0%| F|  |TAMS 0x00000000c6b00000, 0x00000000c6b00000| Untracked 
| 108|0x00000000c6c00000, 0x00000000c6c00000, 0x00000000c6d00000|  0%| F|  |TAMS 0x00000000c6c00000, 0x00000000c6c00000| Untracked 
| 109|0x00000000c6d00000, 0x00000000c6d00000, 0x00000000c6e00000|  0%| F|  |TAMS 0x00000000c6d00000, 0x00000000c6d00000| Untracked 
| 110|0x00000000c6e00000, 0x00000000c6e00000, 0x00000000c6f00000|  0%| F|  |TAMS 0x00000000c6e00000, 0x00000000c6e00000| Untracked 
| 111|0x00000000c6f00000, 0x00000000c6f00000, 0x00000000c7000000|  0%| F|  |TAMS 0x00000000c6f00000, 0x00000000c6f00000| Untracked 
| 112|0x00000000c7000000, 0x00000000c7000000, 0x00000000c7100000|  0%| F|  |TAMS 0x00000000c7000000, 0x00000000c7000000| Untracked 
| 113|0x00000000c7100000, 0x00000000c7100000, 0x00000000c7200000|  0%| F|  |TAMS 0x00000000c7100000, 0x00000000c7100000| Untracked 
| 114|0x00000000c7200000, 0x00000000c7200000, 0x00000000c7300000|  0%| F|  |TAMS 0x00000000c7200000, 0x00000000c7200000| Untracked 
| 115|0x00000000c7300000, 0x00000000c7300000, 0x00000000c7400000|  0%| F|  |TAMS 0x00000000c7300000, 0x00000000c7300000| Untracked 
| 116|0x00000000c7400000, 0x00000000c7400000, 0x00000000c7500000|  0%| F|  |TAMS 0x00000000c7400000, 0x00000000c7400000| Untracked 
| 117|0x00000000c7500000, 0x00000000c751c418, 0x00000000c7600000| 11%| E|  |TAMS 0x00000000c7500000, 0x00000000c7500000| Complete 
| 118|0x00000000c7600000, 0x00000000c7700000, 0x00000000c7700000|100%| E|CS|TAMS 0x00000000c7600000, 0x00000000c7600000| Complete 
| 119|0x00000000c7700000, 0x00000000c7800000, 0x00000000c7800000|100%| E|CS|TAMS 0x00000000c7700000, 0x00000000c7700000| Complete 
| 120|0x00000000c7800000, 0x00000000c7900000, 0x00000000c7900000|100%| E|CS|TAMS 0x00000000c7800000, 0x00000000c7800000| Complete 
| 121|0x00000000c7900000, 0x00000000c7a00000, 0x00000000c7a00000|100%| E|CS|TAMS 0x00000000c7900000, 0x00000000c7900000| Complete 
| 122|0x00000000c7a00000, 0x00000000c7b00000, 0x00000000c7b00000|100%| E|CS|TAMS 0x00000000c7a00000, 0x00000000c7a00000| Complete 
| 123|0x00000000c7b00000, 0x00000000c7c00000, 0x00000000c7c00000|100%| E|CS|TAMS 0x00000000c7b00000, 0x00000000c7b00000| Complete 
| 124|0x00000000c7c00000, 0x00000000c7d00000, 0x00000000c7d00000|100%| E|CS|TAMS 0x00000000c7c00000, 0x00000000c7c00000| Complete 
| 125|0x00000000c7d00000, 0x00000000c7e00000, 0x00000000c7e00000|100%| E|CS|TAMS 0x00000000c7d00000, 0x00000000c7d00000| Complete 

Card table byte_map: [0x0000027cf2000000,0x0000027cf2200000] _byte_map_base: 0x0000027cf1a00000

Marking Bits (Prev, Next): (CMBitMap*) 0x0000027cdd647de0, (CMBitMap*) 0x0000027cdd647e20
 Prev Bits: [0x0000027cf2400000, 0x0000027cf3400000)
 Next Bits: [0x0000027cf3400000, 0x0000027cf4400000)

Polling page: 0x0000027cdb570000

Metaspace:

Usage:
  Non-class:     17.68 MB used.
      Class:      2.06 MB used.
       Both:     19.74 MB used.

Virtual space:
  Non-class space:       64.00 MB reserved,      18.06 MB ( 28%) committed,  1 nodes.
      Class space:        1.00 GB reserved,       2.38 MB ( <1%) committed,  1 nodes.
             Both:        1.06 GB reserved,      20.44 MB (  2%) committed. 

Chunk freelists:
   Non-Class:  1.82 MB
       Class:  1.58 MB
        Both:  3.40 MB

MaxMetaspaceSize: unlimited
CompressedClassSpaceSize: 1.00 GB
Initial GC threshold: 21.00 MB
Current GC threshold: 21.00 MB
CDS: on
MetaspaceReclaimPolicy: balanced
 - commit_granule_bytes: 65536.
 - commit_granule_words: 8192.
 - virtual_space_node_default_size: 8388608.
 - enlarge_chunks_in_place: 1.
 - new_chunks_are_fully_committed: 0.
 - uncommit_free_chunks: 1.
 - use_allocation_guard: 0.


Internal statistics:

num_allocs_failed_limit: 0.
num_arena_births: 424.
num_arena_deaths: 0.
num_vsnodes_births: 2.
num_vsnodes_deaths: 0.
num_space_committed: 327.
num_space_uncommitted: 0.
num_chunks_returned_to_freelist: 0.
num_chunks_taken_from_freelist: 1195.
num_chunk_merges: 0.
num_chunk_splits: 765.
num_chunks_enlarged: 493.
num_inconsistent_stats: 0.

CodeHeap 'non-profiled nmethods': size=120000Kb used=1258Kb max_used=1258Kb free=118742Kb
 bounds [0x0000027cea5a0000, 0x0000027cea810000, 0x0000027cf1ad0000]
CodeHeap 'profiled nmethods': size=120000Kb used=6395Kb max_used=6395Kb free=113604Kb
 bounds [0x0000027ce2ad0000, 0x0000027ce3110000, 0x0000027cea000000]
CodeHeap 'non-nmethods': size=5760Kb used=1327Kb max_used=1374Kb free=4432Kb
 bounds [0x0000027cea000000, 0x0000027cea270000, 0x0000027cea5a0000]
 total_blobs=3648 nmethods=3093 adapters=463
 compilation: enabled
              stopped_count=0, restarted_count=0
 full_count=0

Compilation events (20 events):
Event: 9.056 Thread 0x0000027cf6e2fcc0 nmethod 3049 0x0000027ce30e6090 code [0x0000027ce30e6240, 0x0000027ce30e6388]
Event: 9.056 Thread 0x0000027cf6e2fcc0 3050       3       org.eclipse.core.runtime.Path::makeRelative (32 bytes)
Event: 9.057 Thread 0x0000027cf6e2fcc0 nmethod 3050 0x0000027ce30e6490 code [0x0000027ce30e6660, 0x0000027ce30e6948]
Event: 9.057 Thread 0x0000027cf6e2fcc0 3053       3       java.util.concurrent.ConcurrentHashMap::size (31 bytes)
Event: 9.057 Thread 0x0000027cf6e2fcc0 nmethod 3053 0x0000027ce30e6a10 code [0x0000027ce30e6bc0, 0x0000027ce30e6e08]
Event: 9.057 Thread 0x0000027cf6e2fcc0 3054       3       org.eclipse.core.internal.resources.AliasManager::computeAliases (52 bytes)
Event: 9.058 Thread 0x0000027cf6e2fcc0 nmethod 3054 0x0000027ce30e6e90 code [0x0000027ce30e70c0, 0x0000027ce30e7a08]
Event: 9.058 Thread 0x0000027cf6e2fcc0 3057       3       org.eclipse.core.internal.resources.AliasManager::hasNoAliases (63 bytes)
Event: 9.059 Thread 0x0000027cf6e2fcc0 nmethod 3057 0x0000027ce30e7c90 code [0x0000027ce30e7e80, 0x0000027ce30e8378]
Event: 9.059 Thread 0x0000027cf6e2fcc0 3058  s    3       org.eclipse.core.internal.resources.AliasManager::checkStructuralChanges (142 bytes)
Event: 9.062 Thread 0x0000027cf6e2fcc0 nmethod 3058 0x0000027ce30e8510 code [0x0000027ce30e88a0, 0x0000027ce30ea378]
Event: 9.062 Thread 0x0000027cf6e2fcc0 3059       3       java.util.concurrent.ConcurrentHashMap$KeySetView::removeAll (6 bytes)
Event: 9.062 Thread 0x0000027cf6e2fcc0 nmethod 3059 0x0000027ce30eab10 code [0x0000027ce30eacc0, 0x0000027ce30eae08]
Event: 9.062 Thread 0x0000027cf6e2fcc0 3061       2       org.eclipse.osgi.storage.bundlefile.NestedDirBundleFile::prependNestedDir (42 bytes)
Event: 9.063 Thread 0x0000027cf6e2fcc0 nmethod 3061 0x0000027ce30eae90 code [0x0000027ce30eb080, 0x0000027ce30eb458]
Event: 9.063 Thread 0x0000027cf6e2fcc0 3038   !   3       java.io.WinNTFileSystem::list (27 bytes)
Event: 9.063 Thread 0x0000027cf6e2fcc0 nmethod 3038 0x0000027ce30eb710 code [0x0000027ce30eb8e0, 0x0000027ce30ebaf8]
Event: 9.063 Thread 0x0000027cf6e2fcc0 3039       3       java.io.File::normalizedList (86 bytes)
Event: 9.064 Thread 0x0000027cf6e2fcc0 nmethod 3039 0x0000027ce30ebc10 code [0x0000027ce30ebe20, 0x0000027ce30ec528]
Event: 9.079 Thread 0x0000027cf6e2fcc0 3063       2       org.eclipse.core.internal.watson.ElementTree$ChildIDsCache::<init> (15 bytes)

GC Heap History (5 events):
Event: 2.197 GC heap before
{Heap before GC invocations=0 (full 0):
 garbage-first heap   total 129024K, used 23552K [0x00000000c0000000, 0x0000000100000000)
  region size 1024K, 23 young (23552K), 0 survivors (0K)
 Metaspace       used 6896K, committed 7104K, reserved 1114112K
  class space    used 675K, committed 768K, reserved 1048576K
}
Event: 2.213 GC heap after
{Heap after GC invocations=1 (full 0):
 garbage-first heap   total 129024K, used 3860K [0x00000000c0000000, 0x0000000100000000)
  region size 1024K, 3 young (3072K), 3 survivors (3072K)
 Metaspace       used 6896K, committed 7104K, reserved 1114112K
  class space    used 675K, committed 768K, reserved 1048576K
}
Event: 5.312 GC heap before
{Heap before GC invocations=1 (full 0):
 garbage-first heap   total 129024K, used 32532K [0x00000000c0000000, 0x0000000100000000)
  region size 1024K, 32 young (32768K), 3 survivors (3072K)
 Metaspace       used 14224K, committed 14720K, reserved 1114112K
  class space    used 1432K, committed 1664K, reserved 1048576K
}
Event: 5.332 GC heap after
{Heap after GC invocations=2 (full 0):
 garbage-first heap   total 129024K, used 12822K [0x00000000c0000000, 0x0000000100000000)
  region size 1024K, 4 young (4096K), 4 survivors (4096K)
 Metaspace       used 14224K, committed 14720K, reserved 1114112K
  class space    used 1432K, committed 1664K, reserved 1048576K
}
Event: 10.067 GC heap before
{Heap before GC invocations=2 (full 0):
 garbage-first heap   total 129024K, used 78358K [0x00000000c0000000, 0x0000000100000000)
  region size 1024K, 69 young (70656K), 4 survivors (4096K)
 Metaspace       used 20002K, committed 20736K, reserved 1114112K
  class space    used 2089K, committed 2432K, reserved 1048576K
}

Dll operation events (9 events):
Event: 0.029 Loaded shared library C:\Users\ashik\.pydev_vscode\java19\jdk-19.0.2+7-jre\bin\java.dll
Event: 0.058 Loaded shared library C:\Users\ashik\.pydev_vscode\java19\jdk-19.0.2+7-jre\bin\jsvml.dll
Event: 0.314 Loaded shared library C:\Users\ashik\.pydev_vscode\java19\jdk-19.0.2+7-jre\bin\net.dll
Event: 0.327 Loaded shared library C:\Users\ashik\.pydev_vscode\java19\jdk-19.0.2+7-jre\bin\nio.dll
Event: 0.343 Loaded shared library C:\Users\ashik\.pydev_vscode\java19\jdk-19.0.2+7-jre\bin\zip.dll
Event: 0.634 Loaded shared library C:\Users\ashik\.pydev_vscode\java19\jdk-19.0.2+7-jre\bin\jimage.dll
Event: 2.233 Loaded shared library C:\Users\ashik\.vscode\extensions\fabioz.vscode-pydev-0.15.3\server\plugins\org.eclipse.equinox.launcher.win32.win32.x86_64_1.2.900.v20240213-1244\eclipse_11900.dll
Event: 4.804 Loaded shared library C:\Users\ashik\.vscode\extensions\fabioz.vscode-pydev-0.15.3\server\config_win\org.eclipse.osgi\13\0\.cp\os\win32\x86_64\localfile_1_0_0.dll
Event: 5.106 Loaded shared library C:\Users\ashik\.vscode\extensions\fabioz.vscode-pydev-0.15.3\server\config_win\org.eclipse.osgi\16\0\.cp\os\win32\x86_64\win32refresh.dll

Deoptimization events (20 events):
Event: 6.828 Thread 0x0000027cdd602f50 Uncommon trap: trap_request=0xffffff45 fr.pc=0x0000027cea6a5aec relative=0x000000000000140c
Event: 6.828 Thread 0x0000027cdd602f50 Uncommon trap: reason=unstable_if action=reinterpret pc=0x0000027cea6a5aec method=jdk.internal.org.objectweb.asm.Frame.execute(IILjdk/internal/org/objectweb/asm/Symbol;Ljdk/internal/org/objectweb/asm/SymbolTable;)V @ 1 c2
Event: 6.828 Thread 0x0000027cdd602f50 DEOPT PACKING pc=0x0000027cea6a5aec sp=0x000000b619cfe4f0
Event: 6.828 Thread 0x0000027cdd602f50 DEOPT UNPACKING pc=0x0000027cea066da3 sp=0x000000b619cfe458 mode 2
Event: 6.830 Thread 0x0000027cdd602f50 Uncommon trap: trap_request=0xffffff45 fr.pc=0x0000027cea66aab4 relative=0x0000000000000a34
Event: 6.830 Thread 0x0000027cdd602f50 Uncommon trap: reason=unstable_if action=reinterpret pc=0x0000027cea66aab4 method=jdk.internal.org.objectweb.asm.SymbolTable.put(Ljdk/internal/org/objectweb/asm/SymbolTable$Entry;)Ljdk/internal/org/objectweb/asm/SymbolTable$Entry; @ 13 c2
Event: 6.830 Thread 0x0000027cdd602f50 DEOPT PACKING pc=0x0000027cea66aab4 sp=0x000000b619cfe3d0
Event: 6.830 Thread 0x0000027cdd602f50 DEOPT UNPACKING pc=0x0000027cea066da3 sp=0x000000b619cfe308 mode 2
Event: 6.878 Thread 0x0000027cdd602f50 Uncommon trap: trap_request=0xffffff45 fr.pc=0x0000027cea5d11b0 relative=0x00000000000003f0
Event: 6.878 Thread 0x0000027cdd602f50 Uncommon trap: reason=unstable_if action=reinterpret pc=0x0000027cea5d11b0 method=java.lang.StringLatin1.canEncode(I)Z @ 4 c2
Event: 6.878 Thread 0x0000027cdd602f50 DEOPT PACKING pc=0x0000027cea5d11b0 sp=0x000000b619cfe7f0
Event: 6.878 Thread 0x0000027cdd602f50 DEOPT UNPACKING pc=0x0000027cea066da3 sp=0x000000b619cfe718 mode 2
Event: 6.878 Thread 0x0000027cdd602f50 Uncommon trap: trap_request=0xffffff45 fr.pc=0x0000027cea5d3afc relative=0x00000000000003bc
Event: 6.878 Thread 0x0000027cdd602f50 Uncommon trap: reason=unstable_if action=reinterpret pc=0x0000027cea5d3afc method=java.lang.AbstractStringBuilder.isLatin1()Z @ 10 c2
Event: 6.878 Thread 0x0000027cdd602f50 DEOPT PACKING pc=0x0000027cea5d3afc sp=0x000000b619cfe800
Event: 6.878 Thread 0x0000027cdd602f50 DEOPT UNPACKING pc=0x0000027cea066da3 sp=0x000000b619cfe780 mode 2
Event: 6.878 Thread 0x0000027cdd602f50 Uncommon trap: trap_request=0xffffff45 fr.pc=0x0000027cea646cfc relative=0x000000000000005c
Event: 6.878 Thread 0x0000027cdd602f50 Uncommon trap: reason=unstable_if action=reinterpret pc=0x0000027cea646cfc method=java.lang.AbstractStringBuilder.isLatin1()Z @ 10 c2
Event: 6.878 Thread 0x0000027cdd602f50 DEOPT PACKING pc=0x0000027cea646cfc sp=0x000000b619cfe7e0
Event: 6.878 Thread 0x0000027cdd602f50 DEOPT UNPACKING pc=0x0000027cea066da3 sp=0x000000b619cfe770 mode 2

Classes loaded (20 events):
Event: 6.368 Loading class java/lang/reflect/WildcardType done
Event: 6.368 Loading class sun/reflect/generics/reflectiveObjects/WildcardTypeImpl done
Event: 6.626 Loading class java/math/BigDecimal
Event: 6.628 Loading class java/math/BigDecimal done
Event: 6.649 Loading class java/text/ParseException
Event: 6.650 Loading class java/text/ParseException done
Event: 6.677 Loading class java/util/concurrent/atomic/AtomicIntegerArray
Event: 6.678 Loading class java/util/concurrent/atomic/AtomicIntegerArray done
Event: 6.682 Loading class java/util/Currency
Event: 6.683 Loading class java/util/Currency done
Event: 6.711 Loading class java/util/concurrent/atomic/AtomicLongArray
Event: 6.712 Loading class java/util/concurrent/atomic/AtomicLongArray done
Event: 6.875 Loading class java/text/MessageFormat
Event: 6.876 Loading class java/text/MessageFormat done
Event: 6.876 Loading class java/text/MessageFormat$Field
Event: 6.877 Loading class java/text/MessageFormat$Field done
Event: 8.022 Loading class sun/reflect/generics/repository/FieldRepository
Event: 8.022 Loading class sun/reflect/generics/repository/FieldRepository done
Event: 8.033 Loading class jdk/internal/reflect/MethodHandleIntegerFieldAccessorImpl
Event: 8.034 Loading class jdk/internal/reflect/MethodHandleIntegerFieldAccessorImpl done

Classes unloaded (0 events):
No events

Classes redefined (0 events):
No events

Internal exceptions (20 events):
Event: 5.120 Thread 0x0000027cfb97def0 Exception <a 'java/lang/IncompatibleClassChangeError'{0x00000000c626cca8}: Found class java.lang.Object, but interface was expected> (0x00000000c626cca8) 
thrown [s\src\hotspot\share\interpreter\linkResolver.cpp, line 841]
Event: 5.131 Thread 0x0000027cfb97def0 Exception <a 'java/lang/NoSuchMethodError'{0x00000000c627aa38}: 'java.lang.Object java.lang.invoke.DirectMethodHandle$Holder.invokeSpecial(java.lang.Object, java.lang.Object, java.lang.Object, int, java.lang.Object, java.lang.Object)'> (0x00000000c627aa38) 
thrown [s\src\hotspot\share\interpreter\linkResolver.cpp, line 774]
Event: 5.132 Thread 0x0000027cfb97def0 Exception <a 'java/lang/NoSuchMethodError'{0x00000000c6283028}: 'java.lang.Object java.lang.invoke.DirectMethodHandle$Holder.newInvokeSpecial(java.lang.Object, java.lang.Object, java.lang.Object, int, java.lang.Object)'> (0x00000000c6283028) 
thrown [s\src\hotspot\share\interpreter\linkResolver.cpp, line 774]
Event: 5.133 Thread 0x0000027cfb97def0 Exception <a 'java/lang/NoSuchMethodError'{0x00000000c6287020}: 'java.lang.Object java.lang.invoke.Invokers$Holder.linkToTargetMethod(java.lang.Object, java.lang.Object, int, java.lang.Object, java.lang.Object)'> (0x00000000c6287020) 
thrown [s\src\hotspot\share\interpreter\linkResolver.cpp, line 774]
Event: 5.134 Thread 0x0000027cfc19d090 Exception <a 'java/lang/NoSuchMethodError'{0x00000000c6375930}: 'java.lang.Object java.lang.invoke.DirectMethodHandle$Holder.invokeSpecial(java.lang.Object, java.lang.Object, int, java.lang.Object, java.lang.Object)'> (0x00000000c6375930) 
thrown [s\src\hotspot\share\interpreter\linkResolver.cpp, line 774]
Event: 5.136 Thread 0x0000027cfc19d090 Exception <a 'java/lang/NoSuchMethodError'{0x00000000c637cfd8}: 'java.lang.Object java.lang.invoke.DirectMethodHandle$Holder.newInvokeSpecial(java.lang.Object, java.lang.Object, int, java.lang.Object)'> (0x00000000c637cfd8) 
thrown [s\src\hotspot\share\interpreter\linkResolver.cpp, line 774]
Event: 5.161 Thread 0x0000027cfb97def0 Exception <a 'java/lang/NoSuchMethodError'{0x00000000c62f2ee0}: 'void java.lang.invoke.Invokers$Holder.invokeExact_MT(java.lang.Object, java.lang.Object, java.lang.Object, java.lang.Object)'> (0x00000000c62f2ee0) 
thrown [s\src\hotspot\share\interpreter\linkResolver.cpp, line 774]
Event: 5.169 Thread 0x0000027cfb97def0 Exception <a 'java/lang/NoSuchMethodError'{0x00000000c6108a60}: 'void java.lang.invoke.DirectMethodHandle$Holder.invokeSpecial(java.lang.Object, java.lang.Object, java.lang.Object, java.lang.Object, java.lang.Object)'> (0x00000000c6108a60) 
thrown [s\src\hotspot\share\interpreter\linkResolver.cpp, line 774]
Event: 5.435 Thread 0x0000027cfb97def0 Implicit null exception at 0x0000027cea66bcb3 to 0x0000027cea66be10
Event: 5.968 Thread 0x0000027cfc19d090 Exception <a 'java/io/FileNotFoundException'{0x00000000c6fcd870}> (0x00000000c6fcd870) 
thrown [s\src\hotspot\share\prims\jni.cpp, line 517]
Event: 5.971 Thread 0x0000027cfc19d090 Exception <a 'java/lang/NoSuchMethodError'{0x00000000c6fd5788}: 'java.lang.Object java.lang.invoke.DirectMethodHandle$Holder.newInvokeSpecial(java.lang.Object, int, java.lang.Object, java.lang.Object)'> (0x00000000c6fd5788) 
thrown [s\src\hotspot\share\interpreter\linkResolver.cpp, line 774]
Event: 5.976 Thread 0x0000027cfc19d090 Exception <a 'java/io/FileNotFoundException'{0x00000000c6fec4b0}> (0x00000000c6fec4b0) 
thrown [s\src\hotspot\share\prims\jni.cpp, line 517]
Event: 5.980 Thread 0x0000027cfc19d090 Exception <a 'java/lang/NoSuchMethodError'{0x00000000c6ff4288}: 'void java.lang.invoke.DirectMethodHandle$Holder.invokeStaticInit(java.lang.Object, java.lang.Object, java.lang.Object)'> (0x00000000c6ff4288) 
thrown [s\src\hotspot\share\interpreter\linkResolver.cpp, line 774]
Event: 6.252 Thread 0x0000027cdd602f50 Exception <a 'java/lang/NoSuchMethodError'{0x00000000c69230a8}: 'void java.lang.invoke.DirectMethodHandle$Holder.invokeStatic(java.lang.Object, java.lang.Object, java.lang.Object, java.lang.Object)'> (0x00000000c69230a8) 
thrown [s\src\hotspot\share\interpreter\linkResolver.cpp, line 774]
Event: 6.765 Thread 0x0000027cdd602f50 Exception <a 'java/lang/NoSuchMethodError'{0x00000000c60d79c0}: 'void java.lang.invoke.DirectMethodHandle$Holder.invokeSpecial(java.lang.Object, java.lang.Object, java.lang.Object, java.lang.Object, java.lang.Object, java.lang.Object)'> (0x00000000c60d79c0) 
thrown [s\src\hotspot\share\interpreter\linkResolver.cpp, line 774]
Event: 6.804 Thread 0x0000027cdd602f50 Exception <a 'java/lang/IncompatibleClassChangeError'{0x00000000c5fe1e98}: Found class java.lang.Object, but interface was expected> (0x00000000c5fe1e98) 
thrown [s\src\hotspot\share\interpreter\linkResolver.cpp, line 841]
Event: 6.807 Thread 0x0000027cdd602f50 Exception <a 'java/lang/IncompatibleClassChangeError'{0x00000000c5fe3b40}: Found class java.lang.Object, but interface was expected> (0x00000000c5fe3b40) 
thrown [s\src\hotspot\share\interpreter\linkResolver.cpp, line 841]
Event: 8.034 Thread 0x0000027cfb1e0140 Exception <a 'java/lang/NoSuchMethodError'{0x00000000c583dc70}: 'void java.lang.invoke.DirectMethodHandle$Holder.invokeSpecial(java.lang.Object, java.lang.Object, java.lang.Object, int)'> (0x00000000c583dc70) 
thrown [s\src\hotspot\share\interpreter\linkResolver.cpp, line 774]
Event: 8.035 Thread 0x0000027cfb1e0140 Exception <a 'java/lang/NoSuchMethodError'{0x00000000c5841900}: 'void java.lang.invoke.DelegatingMethodHandle$Holder.reinvoke_L(java.lang.Object, java.lang.Object, int)'> (0x00000000c5841900) 
thrown [s\src\hotspot\share\interpreter\linkResolver.cpp, line 774]
Event: 8.037 Thread 0x0000027cfb1e0140 Exception <a 'java/lang/NoSuchMethodError'{0x00000000c5848928}: 'int java.lang.invoke.Invokers$Holder.invokeExact_MT(java.lang.Object, java.lang.Object, java.lang.Object)'> (0x00000000c5848928) 
thrown [s\src\hotspot\share\interpreter\linkResolver.cpp, line 774]

VM Operations (20 events):
Event: 5.181 Executing VM operation: HandshakeAllThreads done
Event: 5.234 Executing VM operation: HandshakeAllThreads
Event: 5.234 Executing VM operation: HandshakeAllThreads done
Event: 5.312 Executing VM operation: G1CollectForAllocation
Event: 5.333 Executing VM operation: G1CollectForAllocation done
Event: 5.481 Executing VM operation: HandshakeAllThreads
Event: 5.481 Executing VM operation: HandshakeAllThreads done
Event: 5.544 Executing VM operation: HandshakeAllThreads
Event: 5.544 Executing VM operation: HandshakeAllThreads done
Event: 5.544 Executing VM operation: HandshakeAllThreads
Event: 5.544 Executing VM operation: HandshakeAllThreads done
Event: 5.685 Executing VM operation: HandshakeAllThreads
Event: 5.685 Executing VM operation: HandshakeAllThreads done
Event: 5.702 Executing VM operation: HandshakeAllThreads
Event: 5.703 Executing VM operation: HandshakeAllThreads done
Event: 6.703 Executing VM operation: Cleanup
Event: 6.706 Executing VM operation: Cleanup done
Event: 7.706 Executing VM operation: Cleanup
Event: 7.991 Executing VM operation: Cleanup done
Event: 9.921 Executing VM operation: G1CollectForAllocation

Events (20 events):
Event: 2.217 Thread 0x0000027cfb1c5210 Thread added: 0x0000027cfb1c5210
Event: 2.221 Thread 0x0000027cfb97def0 Thread added: 0x0000027cfb97def0
Event: 2.271 Thread 0x0000027cfb9f50b0 Thread added: 0x0000027cfb9f50b0
Event: 2.530 Thread 0x0000027cfba6b2c0 Thread added: 0x0000027cfba6b2c0
Event: 2.677 Thread 0x0000027cf6e2e0f0 Thread added: 0x0000027cf6e2e0f0
Event: 3.036 Thread 0x0000027cfbfbb8f0 Thread added: 0x0000027cfbfbb8f0
Event: 4.482 Thread 0x0000027cf6e2e0f0 Thread exited: 0x0000027cf6e2e0f0
Event: 4.531 Thread 0x0000027cf6e2e0f0 Thread added: 0x0000027cf6e2e0f0
Event: 4.950 Thread 0x0000027cf6e2e0f0 Thread exited: 0x0000027cf6e2e0f0
Event: 5.002 Thread 0x0000027cfc19d090 Thread added: 0x0000027cfc19d090
Event: 5.037 Thread 0x0000027cf6e31890 Thread added: 0x0000027cf6e31890
Event: 5.135 Thread 0x0000027cfc19e080 Thread added: 0x0000027cfc19e080
Event: 5.674 Thread 0x0000027cfc19d5e0 Thread added: 0x0000027cfc19d5e0
Event: 5.783 Thread 0x0000027cfc19e5d0 Thread added: 0x0000027cfc19e5d0
Event: 5.899 Thread 0x0000027cfc19db30 Thread added: 0x0000027cfc19db30
Event: 6.029 Thread 0x0000027cfb1dd6c0 Thread added: 0x0000027cfb1dd6c0
Event: 6.150 Thread 0x0000027cfb1df150 Thread added: 0x0000027cfb1df150
Event: 6.472 Thread 0x0000027cf6e31890 Thread exited: 0x0000027cf6e31890
Event: 6.687 Thread 0x0000027cf6e31890 Thread added: 0x0000027cf6e31890
Event: 6.890 Thread 0x0000027cfb1e0140 Thread added: 0x0000027cfb1e0140


Dynamic libraries:
0x00007ff71b000000 - 0x00007ff71b00e000 	C:\Users\ashik\.pydev_vscode\java19\jdk-19.0.2+7-jre\bin\java.exe
0x00007ffd270a0000 - 0x00007ffd27308000 	C:\WINDOWS\SYSTEM32\ntdll.dll
0x00007ffd25b30000 - 0x00007ffd25bf9000 	C:\WINDOWS\System32\KERNEL32.DLL
0x00007ffd243f0000 - 0x00007ffd247dd000 	C:\WINDOWS\System32\KERNELBASE.dll
0x00007ffd242a0000 - 0x00007ffd243eb000 	C:\WINDOWS\System32\ucrtbase.dll
0x00007ffd08450000 - 0x00007ffd08467000 	C:\Users\ashik\.pydev_vscode\java19\jdk-19.0.2+7-jre\bin\jli.dll
0x00007ffd0e290000 - 0x00007ffd0e2a9000 	C:\Users\ashik\.pydev_vscode\java19\jdk-19.0.2+7-jre\bin\VCRUNTIME140.dll
0x00007ffd26e20000 - 0x00007ffd26fec000 	C:\WINDOWS\System32\USER32.dll
0x00007ffd0d500000 - 0x00007ffd0d79a000 	C:\WINDOWS\WinSxS\amd64_microsoft.windows.common-controls_6595b64144ccf1df_6.0.26100.4484_none_3e0e6d4ce32ef3b3\COMCTL32.dll
0x00007ffd24ce0000 - 0x00007ffd24d07000 	C:\WINDOWS\System32\win32u.dll
0x00007ffd268d0000 - 0x00007ffd26979000 	C:\WINDOWS\System32\msvcrt.dll
0x00007ffd250e0000 - 0x00007ffd2510b000 	C:\WINDOWS\System32\GDI32.dll
0x00007ffd247e0000 - 0x00007ffd24917000 	C:\WINDOWS\System32\gdi32full.dll
0x00007ffd241f0000 - 0x00007ffd24293000 	C:\WINDOWS\System32\msvcp_win.dll
0x00007ffd25eb0000 - 0x00007ffd25edf000 	C:\WINDOWS\System32\IMM32.DLL
0x00007ffd100f0000 - 0x00007ffd100fc000 	C:\Users\ashik\.pydev_vscode\java19\jdk-19.0.2+7-jre\bin\vcruntime140_1.dll
0x00007ffcc21b0000 - 0x00007ffcc2241000 	C:\Users\ashik\.pydev_vscode\java19\jdk-19.0.2+7-jre\bin\msvcp140.dll
0x00007ffc39b90000 - 0x00007ffc3a881000 	C:\Users\ashik\.pydev_vscode\java19\jdk-19.0.2+7-jre\bin\server\jvm.dll
0x00007ffd25d10000 - 0x00007ffd25dc4000 	C:\WINDOWS\System32\ADVAPI32.dll
0x00007ffd26450000 - 0x00007ffd264f6000 	C:\WINDOWS\System32\sechost.dll
0x00007ffd25200000 - 0x00007ffd25318000 	C:\WINDOWS\System32\RPCRT4.dll
0x00007ffd09e50000 - 0x00007ffd09e5a000 	C:\WINDOWS\SYSTEM32\WSOCK32.dll
0x00007ffd0f690000 - 0x00007ffd0f6c5000 	C:\WINDOWS\SYSTEM32\WINMM.dll
0x00007ffd16d60000 - 0x00007ffd16d6b000 	C:\WINDOWS\SYSTEM32\VERSION.dll
0x00007ffd25dd0000 - 0x00007ffd25e44000 	C:\WINDOWS\System32\WS2_32.dll
0x00007ffd22f90000 - 0x00007ffd22fab000 	C:\WINDOWS\SYSTEM32\kernel.appcore.dll
0x00007ffd0efe0000 - 0x00007ffd0efea000 	C:\Users\ashik\.pydev_vscode\java19\jdk-19.0.2+7-jre\bin\jimage.dll
0x00007ffd219c0000 - 0x00007ffd21c01000 	C:\WINDOWS\SYSTEM32\DBGHELP.DLL
0x00007ffd25ef0000 - 0x00007ffd26276000 	C:\WINDOWS\System32\combase.dll
0x00007ffd25110000 - 0x00007ffd251f0000 	C:\WINDOWS\System32\OLEAUT32.dll
0x00007ffd06520000 - 0x00007ffd06563000 	C:\WINDOWS\SYSTEM32\dbgcore.DLL
0x00007ffd24da0000 - 0x00007ffd24e39000 	C:\WINDOWS\System32\bcryptPrimitives.dll
0x00007ffcee360000 - 0x00007ffcee386000 	C:\Users\ashik\.pydev_vscode\java19\jdk-19.0.2+7-jre\bin\java.dll
0x00007ffca43f0000 - 0x00007ffca44c6000 	C:\Users\ashik\.pydev_vscode\java19\jdk-19.0.2+7-jre\bin\jsvml.dll
0x00007ffd253e0000 - 0x00007ffd25b2a000 	C:\WINDOWS\System32\SHELL32.dll
0x00007ffd24b60000 - 0x00007ffd24cd4000 	C:\WINDOWS\System32\wintypes.dll
0x00007ffd21e70000 - 0x00007ffd226cb000 	C:\WINDOWS\SYSTEM32\windows.storage.dll
0x00007ffd25c10000 - 0x00007ffd25d05000 	C:\WINDOWS\System32\SHCORE.dll
0x00007ffd26ff0000 - 0x00007ffd2705a000 	C:\WINDOWS\System32\shlwapi.dll
0x00007ffd24100000 - 0x00007ffd2412f000 	C:\WINDOWS\SYSTEM32\profapi.dll
0x00007ffcfe820000 - 0x00007ffcfe833000 	C:\Users\ashik\.pydev_vscode\java19\jdk-19.0.2+7-jre\bin\net.dll
0x00007ffd17190000 - 0x00007ffd172ae000 	C:\WINDOWS\SYSTEM32\WINHTTP.dll
0x00007ffd23520000 - 0x00007ffd2358a000 	C:\WINDOWS\system32\mswsock.dll
0x00007ffcf57e0000 - 0x00007ffcf57f6000 	C:\Users\ashik\.pydev_vscode\java19\jdk-19.0.2+7-jre\bin\nio.dll
0x00007ffcedce0000 - 0x00007ffcedcf8000 	C:\Users\ashik\.pydev_vscode\java19\jdk-19.0.2+7-jre\bin\zip.dll
0x00007ffce1890000 - 0x00007ffce18ce000 	C:\Users\ashik\.vscode\extensions\fabioz.vscode-pydev-0.15.3\server\plugins\org.eclipse.equinox.launcher.win32.win32.x86_64_1.2.900.v20240213-1244\eclipse_11900.dll
0x00007ffd26670000 - 0x00007ffd2680e000 	C:\WINDOWS\System32\ole32.dll
0x0000000180000000 - 0x0000000180012000 	C:\Users\ashik\.vscode\extensions\fabioz.vscode-pydev-0.15.3\server\config_win\org.eclipse.osgi\13\0\.cp\os\win32\x86_64\localfile_1_0_0.dll
0x00007ffce8510000 - 0x00007ffce852b000 	C:\Users\ashik\.vscode\extensions\fabioz.vscode-pydev-0.15.3\server\config_win\org.eclipse.osgi\16\0\.cp\os\win32\x86_64\win32refresh.dll
0x00007ffd237d0000 - 0x00007ffd237dc000 	C:\WINDOWS\SYSTEM32\CRYPTBASE.DLL

dbghelp: loaded successfully - version: 4.0.5 - missing functions: none
symbol engine: initialized successfully - sym options: 0x614 - pdb path: .;C:\Users\ashik\.pydev_vscode\java19\jdk-19.0.2+7-jre\bin;C:\WINDOWS\SYSTEM32;C:\WINDOWS\WinSxS\amd64_microsoft.windows.common-controls_6595b64144ccf1df_6.0.26100.4484_none_3e0e6d4ce32ef3b3;C:\Users\ashik\.pydev_vscode\java19\jdk-19.0.2+7-jre\bin\server;C:\Users\ashik\.vscode\extensions\fabioz.vscode-pydev-0.15.3\server\plugins\org.eclipse.equinox.launcher.win32.win32.x86_64_1.2.900.v20240213-1244;C:\Users\ashik\.vscode\extensions\fabioz.vscode-pydev-0.15.3\server\config_win\org.eclipse.osgi\13\0\.cp\os\win32\x86_64;C:\Users\ashik\.vscode\extensions\fabioz.vscode-pydev-0.15.3\server\config_win\org.eclipse.osgi\16\0\.cp\os\win32\x86_64

VM Arguments:
jvm_args: --add-modules=ALL-SYSTEM --add-opens=java.base/java.util=ALL-UNNAMED --add-opens=java.base/java.lang=ALL-UNNAMED -Declipse.application=org.python.pydev.pydev_lsp.application -Dosgi.bundles.defaultStartLevel=4 -Declipse.product=org.python.pydev.pydev_lsp.product -Xmx1G -XX:+UseG1GC -XX:+UseStringDeduplication 
java_command: c:\Users\ashik\.vscode\extensions\fabioz.vscode-pydev-0.15.3\server\plugins\org.eclipse.equinox.launcher_1.6.700.v20240213-1244.jar -configuration c:\Users\ashik\.vscode\extensions\fabioz.vscode-pydev-0.15.3\server\config_win -data c:\Users\ashik\AppData\Roaming\Code\User\workspaceStorage\0e395f12ec09fda1e90ff1412467ec16\fabioz.vscode-pydev\pydev_ws
java_class_path (initial): c:\Users\ashik\.vscode\extensions\fabioz.vscode-pydev-0.15.3\server\plugins\org.eclipse.equinox.launcher_1.6.700.v20240213-1244.jar
Launcher Type: SUN_STANDARD

[Global flags]
     intx CICompilerCount                          = 4                                         {product} {ergonomic}
     uint ConcGCThreads                            = 2                                         {product} {ergonomic}
     uint G1ConcRefinementThreads                  = 8                                         {product} {ergonomic}
   size_t G1HeapRegionSize                         = 1048576                                   {product} {ergonomic}
    uintx GCDrainStackTargetSize                   = 64                                        {product} {ergonomic}
   size_t InitialHeapSize                          = 132120576                                 {product} {ergonomic}
   size_t MarkStackSize                            = 4194304                                   {product} {ergonomic}
   size_t MaxHeapSize                              = 1073741824                                {product} {command line}
   size_t MaxNewSize                               = 643825664                                 {product} {ergonomic}
   size_t MinHeapDeltaBytes                        = 1048576                                   {product} {ergonomic}
   size_t MinHeapSize                              = 8388608                                   {product} {ergonomic}
    uintx NonNMethodCodeHeapSize                   = 5839372                                {pd product} {ergonomic}
    uintx NonProfiledCodeHeapSize                  = 122909434                              {pd product} {ergonomic}
    uintx ProfiledCodeHeapSize                     = 122909434                              {pd product} {ergonomic}
    uintx ReservedCodeCacheSize                    = 251658240                              {pd product} {ergonomic}
     bool SegmentedCodeCache                       = true                                      {product} {ergonomic}
   size_t SoftMaxHeapSize                          = 1073741824                             {manageable} {ergonomic}
     bool UseCompressedClassPointers               = true                           {product lp64_product} {ergonomic}
     bool UseCompressedOops                        = true                           {product lp64_product} {ergonomic}
     bool UseG1GC                                  = true                                      {product} {command line}
     bool UseLargePagesIndividualAllocation        = false                                  {pd product} {ergonomic}
     bool UseStringDeduplication                   = true                                      {product} {command line}

Logging:
Log output configuration:
 #0: stdout all=warning uptime,level,tags foldmultilines=false
 #1: stderr all=off uptime,level,tags foldmultilines=false

Environment Variables:
JAVA_HOME=C:\Java\jdk-17\bin
PATH=C:\Python312\Scripts\;C:\Python312\;C:\Program Files\Common Files\Oracle\Java\javapath;C:\Windows\system32;C:\Windows;C:\Windows\System32\Wbem;C:\Windows\System32\WindowsPowerShell\v1.0\;C:\Windows\System32\OpenSSH\;C:\Program Files (x86)\NVIDIA Corporation\PhysX\Common;C:\Program Files\NVIDIA Corporation\NVIDIA NvDLISR;C:\WINDOWS\system32;C:\WINDOWS;C:\WINDOWS\System32\Wbem;C:\WINDOWS\System32\WindowsPowerShell\v1.0\;C:\WINDOWS\System32\OpenSSH\;C:\ProgramData\chocolatey\bin;BIN;C:\Users\ashik\New folder;C:\Users\ashik\OneDrive\Desktop\js sample\cassandra bin;C:\Java\jdk-17\bin;C:\Program Files\Java\jdk-17\bin;C:\Program Files\Git\cmd;C:\Program Files\nodejs\;C:\Program Files (x86)\Microsoft SQL Server\160\Tools\Binn\;C:\Program Files\Microsoft SQL Server\160\Tools\Binn\;C:\Program Files\Microsoft SQL Server\Client SDK\ODBC\170\Tools\Binn\;C:\Program Files\Microsoft SQL Server\160\DTS\Binn\;C:\Program Files (x86)\Microsoft SQL Server\160\DTS\Binn\;C:\Users\ashik\AppData\Local\Programs\Python\Python313\Scripts\;C:\Users\ashik\AppData\Local\Programs\Python\Python313\;C:\Program Files\MySQL\MySQL Shell 8.0\bin\;C:\Users\ashik\AppData\Local\Microsoft\WindowsApps;C:\Users\ashik\AppData\Local\Programs\Microsoft VS Code\bin;C:\Users\ashik\AppData\Local\GitHubDesktop\bin;C:\Program Files\JetBrains\PyCharm Community Edition 2024.3.3\bin;C:\Users\ashik\AppData\Roaming\npm;c:\RIDE\Bin
USERNAME=ashik
OS=Windows_NT
PROCESSOR_IDENTIFIER=Intel64 Family 6 Model 165 Stepping 2, GenuineIntel
TMP=C:\Users\ashik\AppData\Local\Temp
TEMP=C:\Users\ashik\AppData\Local\Temp



---------------  S Y S T E M  ---------------

OS:
 Windows 11 , 64 bit Build 26100 (10.0.26100.4484)
OS uptime: 0 days 16:19 hours

CPU: total 8 (initial active 8) (4 cores per cpu, 2 threads per core) family 6 model 165 stepping 2 microcode 0xe0, cx8, cmov, fxsr, ht, mmx, 3dnowpref, sse, sse2, sse3, ssse3, sse4.1, sse4.2, popcnt, lzcnt, tsc, tscinvbit, avx, avx2, aes, erms, clmul, bmi1, bmi2, adx, fma, vzeroupper, clflush, clflushopt, rdtscp

Memory: 4k page, system-wide physical 8029M (533M free)
TotalPageFile size 20528M (AvailPageFile size 150M)
current process WorkingSet (physical memory assigned to process): 186M, peak: 186M
current process commit charge ("private bytes"): 268M, peak: 269M

vm_info: OpenJDK 64-Bit Server VM (19.0.2+7) for windows-amd64 JRE (19.0.2+7), built on 2023-01-17T00:00:00Z by "temurin" with MS VC++ 16.7 (VS2019)

END.
