#
# There is insufficient memory for the Java Runtime Environment to continue.
# Native memory allocation (malloc) failed to allocate 357120 bytes for Chunk::new
# Possible reasons:
#   The system is out of physical RAM or swap space
#   The process is running with CompressedOops enabled, and the Java Heap may be blocking the growth of the native heap
# Possible solutions:
#   Reduce memory load on the system
#   Increase physical memory or swap space
#   Check if swap backing store is full
#   Decrease Java heap size (-Xmx/-Xms)
#   Decrease number of Java threads
#   Decrease Java thread stack sizes (-Xss)
#   Set larger code cache with -XX:ReservedCodeCacheSize=
#   JVM is running with Unscaled Compressed Oops mode in which the Java heap is
#     placed in the first 4GB address space. The Java Heap base address is the
#     maximum limit for the native heap growth. Please use -XX:HeapBaseMinAddress
#     to set the Java Heap base and to place the Java Heap above 4GB virtual address.
# This output file may be truncated or incomplete.
#
#  Out of Memory Error (arena.cpp:184), pid=6404, tid=7556
#
# JRE version: OpenJDK Runtime Environment Temurin-19.0.2+7 (19.0.2+7) (build 19.0.2+7)
# Java VM: OpenJDK 64-Bit Server VM Temurin-19.0.2+7 (19.0.2+7, mixed mode, sharing, tiered, compressed oops, compressed class ptrs, g1 gc, windows-amd64)
# No core dump will be written. Minidumps are not enabled by default on client versions of Windows
#

---------------  S U M M A R Y ------------

Command Line: --add-modules=ALL-SYSTEM --add-opens=java.base/java.util=ALL-UNNAMED --add-opens=java.base/java.lang=ALL-UNNAMED -Declipse.application=org.python.pydev.pydev_lsp.application -Dosgi.bundles.defaultStartLevel=4 -Declipse.product=org.python.pydev.pydev_lsp.product -Xmx1G -XX:+UseG1GC -XX:+UseStringDeduplication c:\Users\ashik\.vscode\extensions\fabioz.vscode-pydev-0.15.3\server\plugins\org.eclipse.equinox.launcher_1.6.700.v20240213-1244.jar -configuration c:\Users\ashik\.vscode\extensions\fabioz.vscode-pydev-0.15.3\server\config_win -data c:\Users\ashik\AppData\Roaming\Code\User\workspaceStorage\0e395f12ec09fda1e90ff1412467ec16\fabioz.vscode-pydev\pydev_ws

Host: Intel(R) Core(TM) i5-10300H CPU @ 2.50GHz, 8 cores, 7G,  Windows 11 , 64 bit Build 26100 (10.0.26100.4484)
Time: Sat Jul 19 13:18:10 2025 India Standard Time elapsed time: 17.514431 seconds (0d 0h 0m 17s)

---------------  T H R E A D  ---------------

Current thread (0x000001c75c302050):  JavaThread "C2 CompilerThread0" daemon [_thread_in_native, id=7556, stack(0x0000005e29800000,0x0000005e29900000)]


Current CompileTask:
C2:  17514 1791 % !   4       java.util.concurrent.ConcurrentHashMap::transfer @ 96 (850 bytes)

Stack: [0x0000005e29800000,0x0000005e29900000]
Native frames: (J=compiled Java code, j=interpreted, Vv=VM code, C=native code)
V  [jvm.dll+0x6e9e1a]
V  [jvm.dll+0x8a36c0]
V  [jvm.dll+0x8a50ae]
V  [jvm.dll+0x8a5763]
V  [jvm.dll+0x27bcdf]
V  [jvm.dll+0xc221f]
V  [jvm.dll+0xc2595]
V  [jvm.dll+0x3b7d9b]
V  [jvm.dll+0x3815f1]
V  [jvm.dll+0x380a9a]
V  [jvm.dll+0x2452db]
V  [jvm.dll+0x244671]
V  [jvm.dll+0x1cf4b1]
V  [jvm.dll+0x254229]
V  [jvm.dll+0x252418]
V  [jvm.dll+0x85403d]
V  [jvm.dll+0x84de3a]
V  [jvm.dll+0x6e8abb]
C  [ucrtbase.dll+0x37b0]
C  [KERNEL32.DLL+0x2e8d7]
C  [ntdll.dll+0x3c34c]


---------------  P R O C E S S  ---------------

Threads class SMR info:
_java_thread_list=0x000001c7610e6300, length=18, elements={
0x000001c740b52f50, 0x000001c75c2d14e0, 0x000001c75c2d4020, 0x000001c75c2d6e70,
0x000001c75c2dac30, 0x000001c75c2fc2a0, 0x000001c75c3013f0, 0x000001c75c302050,
0x000001c75c315180, 0x000001c75c318380, 0x000001c7605e7050, 0x000001c760619960,
0x000001c760d3cb30, 0x000001c760ebc2f0, 0x000001c760fbd880, 0x000001c760814230,
0x000001c760c1fc60, 0x000001c7610d1b80
}

Java Threads: ( => current thread )
  0x000001c740b52f50 JavaThread "main" [_thread_blocked, id=23052, stack(0x0000005e28a00000,0x0000005e28b00000)]
  0x000001c75c2d14e0 JavaThread "Reference Handler" daemon [_thread_blocked, id=9348, stack(0x0000005e29200000,0x0000005e29300000)]
  0x000001c75c2d4020 JavaThread "Finalizer" daemon [_thread_blocked, id=22292, stack(0x0000005e29300000,0x0000005e29400000)]
  0x000001c75c2d6e70 JavaThread "Signal Dispatcher" daemon [_thread_blocked, id=24812, stack(0x0000005e29400000,0x0000005e29500000)]
  0x000001c75c2dac30 JavaThread "Attach Listener" daemon [_thread_blocked, id=5228, stack(0x0000005e29500000,0x0000005e29600000)]
  0x000001c75c2fc2a0 JavaThread "Service Thread" daemon [_thread_blocked, id=19748, stack(0x0000005e29600000,0x0000005e29700000)]
  0x000001c75c3013f0 JavaThread "Monitor Deflation Thread" daemon [_thread_blocked, id=22680, stack(0x0000005e29700000,0x0000005e29800000)]
=>0x000001c75c302050 JavaThread "C2 CompilerThread0" daemon [_thread_in_native, id=7556, stack(0x0000005e29800000,0x0000005e29900000)]
  0x000001c75c315180 JavaThread "C1 CompilerThread0" daemon [_thread_blocked, id=12560, stack(0x0000005e29900000,0x0000005e29a00000)]
  0x000001c75c318380 JavaThread "Sweeper thread" daemon [_thread_blocked, id=24212, stack(0x0000005e29a00000,0x0000005e29b00000)]
  0x000001c7605e7050 JavaThread "Common-Cleaner" daemon [_thread_blocked, id=18868, stack(0x0000005e29b00000,0x0000005e29c00000)]
  0x000001c760619960 JavaThread "Notification Thread" daemon [_thread_blocked, id=9304, stack(0x0000005e29c00000,0x0000005e29d00000)]
  0x000001c760d3cb30 JavaThread "C2 CompilerThread1" daemon [_thread_in_native, id=24792, stack(0x0000005e29e00000,0x0000005e29f00000)]
  0x000001c760ebc2f0 JavaThread "Active Thread: Equinox Container: 33262e8f-4bac-4c86-84d7-908f1f4c243a" [_thread_blocked, id=10236, stack(0x0000005e29f00000,0x0000005e2a000000)]
  0x000001c760fbd880 JavaThread "Framework Event Dispatcher: Equinox Container: 33262e8f-4bac-4c86-84d7-908f1f4c243a" daemon [_thread_blocked, id=18564, stack(0x0000005e2a700000,0x0000005e2a800000)]
  0x000001c760814230 JavaThread "Start Level: Equinox Container: 33262e8f-4bac-4c86-84d7-908f1f4c243a" daemon [_thread_in_vm, id=22860, stack(0x0000005e2a800000,0x0000005e2a900000)]
  0x000001c760c1fc60 JavaThread "SCR Component Actor" daemon [_thread_blocked, id=15764, stack(0x0000005e2a900000,0x0000005e2aa00000)]
  0x000001c7610d1b80 JavaThread "SCR Component Registry" daemon [_thread_blocked, id=11332, stack(0x0000005e2aa00000,0x0000005e2ab00000)]

Other Threads:
  0x000001c75c2b65f0 VMThread "VM Thread" [stack: 0x0000005e29100000,0x0000005e29200000] [id=1248]
  0x000001c760619ea0 WatcherThread "VM Periodic Task Thread" [stack: 0x0000005e29d00000,0x0000005e29e00000] [id=15676]
  0x000001c740b978a0 WorkerThread "GC Thread#0" [stack: 0x0000005e28b00000,0x0000005e28c00000] [id=24356]
  0x000001c760c23e70 WorkerThread "GC Thread#1" [stack: 0x0000005e2a000000,0x0000005e2a100000] [id=9628]
  0x000001c760f5ac80 WorkerThread "GC Thread#2" [stack: 0x0000005e2a100000,0x0000005e2a200000] [id=23592]
  0x000001c760f5a9b0 WorkerThread "GC Thread#3" [stack: 0x0000005e2a200000,0x0000005e2a300000] [id=23420]
  0x000001c760f5a410 WorkerThread "GC Thread#4" [stack: 0x0000005e2a300000,0x0000005e2a400000] [id=10320]
  0x000001c760f5af50 WorkerThread "GC Thread#5" [stack: 0x0000005e2a400000,0x0000005e2a500000] [id=21592]
  0x000001c760f5a6e0 WorkerThread "GC Thread#6" [stack: 0x0000005e2a500000,0x0000005e2a600000] [id=10648]
  0x000001c760f5ba90 WorkerThread "GC Thread#7" [stack: 0x0000005e2a600000,0x0000005e2a700000] [id=10556]
  0x000001c740ba0710 ConcurrentGCThread "G1 Main Marker" [stack: 0x0000005e28c00000,0x0000005e28d00000] [id=10904]
  0x000001c740ba1050 WorkerThread "G1 Conc#0" [stack: 0x0000005e28d00000,0x0000005e28e00000] [id=14948]
  0x000001c740c0e670 ConcurrentGCThread "G1 Refine#0" [stack: 0x0000005e28e00000,0x0000005e28f00000] [id=23832]
  0x000001c75c1680f0 ConcurrentGCThread "G1 Service" [stack: 0x0000005e28f00000,0x0000005e29000000] [id=1196]
  0x000001c75c2b2f90 ConcurrentGCThread "StringDedupProcessor" [stack: 0x0000005e29000000,0x0000005e29100000] [id=23084]

Threads with active compile tasks:
C2 CompilerThread0    17544 1791 % !   4       java.util.concurrent.ConcurrentHashMap::transfer @ 96 (850 bytes)
C1 CompilerThread0    17545 1832   !   3       org.eclipse.osgi.internal.loader.classpath.ClasspathManager::findLocalClass (210 bytes)
C2 CompilerThread1    17545 1788       4       java.io.DataInputStream::readUTF (501 bytes)

VM state: not at safepoint (normal execution)

VM Mutex/Monitor currently owned by a thread: None

Heap address: 0x00000000c0000000, size: 1024 MB, Compressed Oops mode: 32-bit

CDS archive(s) mapped at: [0x0000000800000000-0x0000000800ad0000-0x0000000800ad0000), size 11337728, SharedBaseAddress: 0x0000000800000000, ArchiveRelocationMode: 0.
Compressed class space mapped at: 0x0000000800c00000-0x0000000840c00000, reserved size: 1073741824
Narrow klass base: 0x0000000800000000, Narrow klass shift: 0, Narrow klass range: 0x100000000

GC Precious Log:
 CardTable entry size: 512
 Card Set container configuration: InlinePtr #cards 5 size 8 Array Of Cards #cards 12 size 40 Howl #buckets 4 coarsen threshold 1843 Howl Bitmap #cards 512 size 80 coarsen threshold 460 Card regions per heap region 1 cards per card region 2048
 CPUs: 8 total, 8 available
 Memory: 8029M
 Large Page Support: Disabled
 NUMA Support: Disabled
 Compressed Oops: Enabled (32-bit)
 Heap Region Size: 1M
 Heap Min Capacity: 8M
 Heap Initial Capacity: 126M
 Heap Max Capacity: 1G
 Pre-touch: Disabled
 Parallel Workers: 8
 Concurrent Workers: 2
 Concurrent Refinement Workers: 8
 Periodic GC: Disabled
 String Deduplication is enabled

Heap:
 garbage-first heap   total 129024K, used 14096K [0x00000000c0000000, 0x0000000100000000)
  region size 1024K, 14 young (14336K), 3 survivors (3072K)
 Metaspace       used 10961K, committed 11456K, reserved 1114112K
  class space    used 1113K, committed 1344K, reserved 1048576K

Heap Regions: E=young(eden), S=young(survivor), O=old, HS=humongous(starts), HC=humongous(continues), CS=collection set, F=free, OA=open archive, CA=closed archive, TAMS=top-at-mark-start (previous, next)
|   0|0x00000000c0000000, 0x00000000c00c4000, 0x00000000c0100000| 76%| O|  |TAMS 0x00000000c0000000, 0x00000000c0000000| Untracked 
|   1|0x00000000c0100000, 0x00000000c0100000, 0x00000000c0200000|  0%| F|  |TAMS 0x00000000c0100000, 0x00000000c0100000| Untracked 
|   2|0x00000000c0200000, 0x00000000c0200000, 0x00000000c0300000|  0%| F|  |TAMS 0x00000000c0200000, 0x00000000c0200000| Untracked 
|   3|0x00000000c0300000, 0x00000000c0300000, 0x00000000c0400000|  0%| F|  |TAMS 0x00000000c0300000, 0x00000000c0300000| Untracked 
|   4|0x00000000c0400000, 0x00000000c0400000, 0x00000000c0500000|  0%| F|  |TAMS 0x00000000c0400000, 0x00000000c0400000| Untracked 
|   5|0x00000000c0500000, 0x00000000c0500000, 0x00000000c0600000|  0%| F|  |TAMS 0x00000000c0500000, 0x00000000c0500000| Untracked 
|   6|0x00000000c0600000, 0x00000000c0600000, 0x00000000c0700000|  0%| F|  |TAMS 0x00000000c0600000, 0x00000000c0600000| Untracked 
|   7|0x00000000c0700000, 0x00000000c0700000, 0x00000000c0800000|  0%| F|  |TAMS 0x00000000c0700000, 0x00000000c0700000| Untracked 
|   8|0x00000000c0800000, 0x00000000c0800000, 0x00000000c0900000|  0%| F|  |TAMS 0x00000000c0800000, 0x00000000c0800000| Untracked 
|   9|0x00000000c0900000, 0x00000000c0900000, 0x00000000c0a00000|  0%| F|  |TAMS 0x00000000c0900000, 0x00000000c0900000| Untracked 
|  10|0x00000000c0a00000, 0x00000000c0a00000, 0x00000000c0b00000|  0%| F|  |TAMS 0x00000000c0a00000, 0x00000000c0a00000| Untracked 
|  11|0x00000000c0b00000, 0x00000000c0b00000, 0x00000000c0c00000|  0%| F|  |TAMS 0x00000000c0b00000, 0x00000000c0b00000| Untracked 
|  12|0x00000000c0c00000, 0x00000000c0c00000, 0x00000000c0d00000|  0%| F|  |TAMS 0x00000000c0c00000, 0x00000000c0c00000| Untracked 
|  13|0x00000000c0d00000, 0x00000000c0d00000, 0x00000000c0e00000|  0%| F|  |TAMS 0x00000000c0d00000, 0x00000000c0d00000| Untracked 
|  14|0x00000000c0e00000, 0x00000000c0e00000, 0x00000000c0f00000|  0%| F|  |TAMS 0x00000000c0e00000, 0x00000000c0e00000| Untracked 
|  15|0x00000000c0f00000, 0x00000000c0f00000, 0x00000000c1000000|  0%| F|  |TAMS 0x00000000c0f00000, 0x00000000c0f00000| Untracked 
|  16|0x00000000c1000000, 0x00000000c1000000, 0x00000000c1100000|  0%| F|  |TAMS 0x00000000c1000000, 0x00000000c1000000| Untracked 
|  17|0x00000000c1100000, 0x00000000c1100000, 0x00000000c1200000|  0%| F|  |TAMS 0x00000000c1100000, 0x00000000c1100000| Untracked 
|  18|0x00000000c1200000, 0x00000000c1200000, 0x00000000c1300000|  0%| F|  |TAMS 0x00000000c1200000, 0x00000000c1200000| Untracked 
|  19|0x00000000c1300000, 0x00000000c1300000, 0x00000000c1400000|  0%| F|  |TAMS 0x00000000c1300000, 0x00000000c1300000| Untracked 
|  20|0x00000000c1400000, 0x00000000c1400000, 0x00000000c1500000|  0%| F|  |TAMS 0x00000000c1400000, 0x00000000c1400000| Untracked 
|  21|0x00000000c1500000, 0x00000000c1500000, 0x00000000c1600000|  0%| F|  |TAMS 0x00000000c1500000, 0x00000000c1500000| Untracked 
|  22|0x00000000c1600000, 0x00000000c1600000, 0x00000000c1700000|  0%| F|  |TAMS 0x00000000c1600000, 0x00000000c1600000| Untracked 
|  23|0x00000000c1700000, 0x00000000c1700000, 0x00000000c1800000|  0%| F|  |TAMS 0x00000000c1700000, 0x00000000c1700000| Untracked 
|  24|0x00000000c1800000, 0x00000000c1800000, 0x00000000c1900000|  0%| F|  |TAMS 0x00000000c1800000, 0x00000000c1800000| Untracked 
|  25|0x00000000c1900000, 0x00000000c1900000, 0x00000000c1a00000|  0%| F|  |TAMS 0x00000000c1900000, 0x00000000c1900000| Untracked 
|  26|0x00000000c1a00000, 0x00000000c1a00000, 0x00000000c1b00000|  0%| F|  |TAMS 0x00000000c1a00000, 0x00000000c1a00000| Untracked 
|  27|0x00000000c1b00000, 0x00000000c1b00000, 0x00000000c1c00000|  0%| F|  |TAMS 0x00000000c1b00000, 0x00000000c1b00000| Untracked 
|  28|0x00000000c1c00000, 0x00000000c1c00000, 0x00000000c1d00000|  0%| F|  |TAMS 0x00000000c1c00000, 0x00000000c1c00000| Untracked 
|  29|0x00000000c1d00000, 0x00000000c1d00000, 0x00000000c1e00000|  0%| F|  |TAMS 0x00000000c1d00000, 0x00000000c1d00000| Untracked 
|  30|0x00000000c1e00000, 0x00000000c1e00000, 0x00000000c1f00000|  0%| F|  |TAMS 0x00000000c1e00000, 0x00000000c1e00000| Untracked 
|  31|0x00000000c1f00000, 0x00000000c1f00000, 0x00000000c2000000|  0%| F|  |TAMS 0x00000000c1f00000, 0x00000000c1f00000| Untracked 
|  32|0x00000000c2000000, 0x00000000c2000000, 0x00000000c2100000|  0%| F|  |TAMS 0x00000000c2000000, 0x00000000c2000000| Untracked 
|  33|0x00000000c2100000, 0x00000000c2100000, 0x00000000c2200000|  0%| F|  |TAMS 0x00000000c2100000, 0x00000000c2100000| Untracked 
|  34|0x00000000c2200000, 0x00000000c2200000, 0x00000000c2300000|  0%| F|  |TAMS 0x00000000c2200000, 0x00000000c2200000| Untracked 
|  35|0x00000000c2300000, 0x00000000c2300000, 0x00000000c2400000|  0%| F|  |TAMS 0x00000000c2300000, 0x00000000c2300000| Untracked 
|  36|0x00000000c2400000, 0x00000000c2400000, 0x00000000c2500000|  0%| F|  |TAMS 0x00000000c2400000, 0x00000000c2400000| Untracked 
|  37|0x00000000c2500000, 0x00000000c2500000, 0x00000000c2600000|  0%| F|  |TAMS 0x00000000c2500000, 0x00000000c2500000| Untracked 
|  38|0x00000000c2600000, 0x00000000c2600000, 0x00000000c2700000|  0%| F|  |TAMS 0x00000000c2600000, 0x00000000c2600000| Untracked 
|  39|0x00000000c2700000, 0x00000000c2700000, 0x00000000c2800000|  0%| F|  |TAMS 0x00000000c2700000, 0x00000000c2700000| Untracked 
|  40|0x00000000c2800000, 0x00000000c2800000, 0x00000000c2900000|  0%| F|  |TAMS 0x00000000c2800000, 0x00000000c2800000| Untracked 
|  41|0x00000000c2900000, 0x00000000c2900000, 0x00000000c2a00000|  0%| F|  |TAMS 0x00000000c2900000, 0x00000000c2900000| Untracked 
|  42|0x00000000c2a00000, 0x00000000c2a00000, 0x00000000c2b00000|  0%| F|  |TAMS 0x00000000c2a00000, 0x00000000c2a00000| Untracked 
|  43|0x00000000c2b00000, 0x00000000c2b00000, 0x00000000c2c00000|  0%| F|  |TAMS 0x00000000c2b00000, 0x00000000c2b00000| Untracked 
|  44|0x00000000c2c00000, 0x00000000c2c00000, 0x00000000c2d00000|  0%| F|  |TAMS 0x00000000c2c00000, 0x00000000c2c00000| Untracked 
|  45|0x00000000c2d00000, 0x00000000c2d00000, 0x00000000c2e00000|  0%| F|  |TAMS 0x00000000c2d00000, 0x00000000c2d00000| Untracked 
|  46|0x00000000c2e00000, 0x00000000c2e00000, 0x00000000c2f00000|  0%| F|  |TAMS 0x00000000c2e00000, 0x00000000c2e00000| Untracked 
|  47|0x00000000c2f00000, 0x00000000c2f00000, 0x00000000c3000000|  0%| F|  |TAMS 0x00000000c2f00000, 0x00000000c2f00000| Untracked 
|  48|0x00000000c3000000, 0x00000000c3000000, 0x00000000c3100000|  0%| F|  |TAMS 0x00000000c3000000, 0x00000000c3000000| Untracked 
|  49|0x00000000c3100000, 0x00000000c3100000, 0x00000000c3200000|  0%| F|  |TAMS 0x00000000c3100000, 0x00000000c3100000| Untracked 
|  50|0x00000000c3200000, 0x00000000c3200000, 0x00000000c3300000|  0%| F|  |TAMS 0x00000000c3200000, 0x00000000c3200000| Untracked 
|  51|0x00000000c3300000, 0x00000000c3300000, 0x00000000c3400000|  0%| F|  |TAMS 0x00000000c3300000, 0x00000000c3300000| Untracked 
|  52|0x00000000c3400000, 0x00000000c3400000, 0x00000000c3500000|  0%| F|  |TAMS 0x00000000c3400000, 0x00000000c3400000| Untracked 
|  53|0x00000000c3500000, 0x00000000c3500000, 0x00000000c3600000|  0%| F|  |TAMS 0x00000000c3500000, 0x00000000c3500000| Untracked 
|  54|0x00000000c3600000, 0x00000000c3600000, 0x00000000c3700000|  0%| F|  |TAMS 0x00000000c3600000, 0x00000000c3600000| Untracked 
|  55|0x00000000c3700000, 0x00000000c3700000, 0x00000000c3800000|  0%| F|  |TAMS 0x00000000c3700000, 0x00000000c3700000| Untracked 
|  56|0x00000000c3800000, 0x00000000c3800000, 0x00000000c3900000|  0%| F|  |TAMS 0x00000000c3800000, 0x00000000c3800000| Untracked 
|  57|0x00000000c3900000, 0x00000000c3900000, 0x00000000c3a00000|  0%| F|  |TAMS 0x00000000c3900000, 0x00000000c3900000| Untracked 
|  58|0x00000000c3a00000, 0x00000000c3a00000, 0x00000000c3b00000|  0%| F|  |TAMS 0x00000000c3a00000, 0x00000000c3a00000| Untracked 
|  59|0x00000000c3b00000, 0x00000000c3b00000, 0x00000000c3c00000|  0%| F|  |TAMS 0x00000000c3b00000, 0x00000000c3b00000| Untracked 
|  60|0x00000000c3c00000, 0x00000000c3c00000, 0x00000000c3d00000|  0%| F|  |TAMS 0x00000000c3c00000, 0x00000000c3c00000| Untracked 
|  61|0x00000000c3d00000, 0x00000000c3d00000, 0x00000000c3e00000|  0%| F|  |TAMS 0x00000000c3d00000, 0x00000000c3d00000| Untracked 
|  62|0x00000000c3e00000, 0x00000000c3e00000, 0x00000000c3f00000|  0%| F|  |TAMS 0x00000000c3e00000, 0x00000000c3e00000| Untracked 
|  63|0x00000000c3f00000, 0x00000000c3f00000, 0x00000000c4000000|  0%| F|  |TAMS 0x00000000c3f00000, 0x00000000c3f00000| Untracked 
|  64|0x00000000c4000000, 0x00000000c4000000, 0x00000000c4100000|  0%| F|  |TAMS 0x00000000c4000000, 0x00000000c4000000| Untracked 
|  65|0x00000000c4100000, 0x00000000c4100000, 0x00000000c4200000|  0%| F|  |TAMS 0x00000000c4100000, 0x00000000c4100000| Untracked 
|  66|0x00000000c4200000, 0x00000000c4200000, 0x00000000c4300000|  0%| F|  |TAMS 0x00000000c4200000, 0x00000000c4200000| Untracked 
|  67|0x00000000c4300000, 0x00000000c4300000, 0x00000000c4400000|  0%| F|  |TAMS 0x00000000c4300000, 0x00000000c4300000| Untracked 
|  68|0x00000000c4400000, 0x00000000c4400000, 0x00000000c4500000|  0%| F|  |TAMS 0x00000000c4400000, 0x00000000c4400000| Untracked 
|  69|0x00000000c4500000, 0x00000000c4500000, 0x00000000c4600000|  0%| F|  |TAMS 0x00000000c4500000, 0x00000000c4500000| Untracked 
|  70|0x00000000c4600000, 0x00000000c4600000, 0x00000000c4700000|  0%| F|  |TAMS 0x00000000c4600000, 0x00000000c4600000| Untracked 
|  71|0x00000000c4700000, 0x00000000c4700000, 0x00000000c4800000|  0%| F|  |TAMS 0x00000000c4700000, 0x00000000c4700000| Untracked 
|  72|0x00000000c4800000, 0x00000000c4800000, 0x00000000c4900000|  0%| F|  |TAMS 0x00000000c4800000, 0x00000000c4800000| Untracked 
|  73|0x00000000c4900000, 0x00000000c4900000, 0x00000000c4a00000|  0%| F|  |TAMS 0x00000000c4900000, 0x00000000c4900000| Untracked 
|  74|0x00000000c4a00000, 0x00000000c4a00000, 0x00000000c4b00000|  0%| F|  |TAMS 0x00000000c4a00000, 0x00000000c4a00000| Untracked 
|  75|0x00000000c4b00000, 0x00000000c4b00000, 0x00000000c4c00000|  0%| F|  |TAMS 0x00000000c4b00000, 0x00000000c4b00000| Untracked 
|  76|0x00000000c4c00000, 0x00000000c4c00000, 0x00000000c4d00000|  0%| F|  |TAMS 0x00000000c4c00000, 0x00000000c4c00000| Untracked 
|  77|0x00000000c4d00000, 0x00000000c4d00000, 0x00000000c4e00000|  0%| F|  |TAMS 0x00000000c4d00000, 0x00000000c4d00000| Untracked 
|  78|0x00000000c4e00000, 0x00000000c4e00000, 0x00000000c4f00000|  0%| F|  |TAMS 0x00000000c4e00000, 0x00000000c4e00000| Untracked 
|  79|0x00000000c4f00000, 0x00000000c4f00000, 0x00000000c5000000|  0%| F|  |TAMS 0x00000000c4f00000, 0x00000000c4f00000| Untracked 
|  80|0x00000000c5000000, 0x00000000c5000000, 0x00000000c5100000|  0%| F|  |TAMS 0x00000000c5000000, 0x00000000c5000000| Untracked 
|  81|0x00000000c5100000, 0x00000000c5100000, 0x00000000c5200000|  0%| F|  |TAMS 0x00000000c5100000, 0x00000000c5100000| Untracked 
|  82|0x00000000c5200000, 0x00000000c5200000, 0x00000000c5300000|  0%| F|  |TAMS 0x00000000c5200000, 0x00000000c5200000| Untracked 
|  83|0x00000000c5300000, 0x00000000c5300000, 0x00000000c5400000|  0%| F|  |TAMS 0x00000000c5300000, 0x00000000c5300000| Untracked 
|  84|0x00000000c5400000, 0x00000000c5400000, 0x00000000c5500000|  0%| F|  |TAMS 0x00000000c5400000, 0x00000000c5400000| Untracked 
|  85|0x00000000c5500000, 0x00000000c5500000, 0x00000000c5600000|  0%| F|  |TAMS 0x00000000c5500000, 0x00000000c5500000| Untracked 
|  86|0x00000000c5600000, 0x00000000c5600000, 0x00000000c5700000|  0%| F|  |TAMS 0x00000000c5600000, 0x00000000c5600000| Untracked 
|  87|0x00000000c5700000, 0x00000000c5700000, 0x00000000c5800000|  0%| F|  |TAMS 0x00000000c5700000, 0x00000000c5700000| Untracked 
|  88|0x00000000c5800000, 0x00000000c5800000, 0x00000000c5900000|  0%| F|  |TAMS 0x00000000c5800000, 0x00000000c5800000| Untracked 
|  89|0x00000000c5900000, 0x00000000c5900000, 0x00000000c5a00000|  0%| F|  |TAMS 0x00000000c5900000, 0x00000000c5900000| Untracked 
|  90|0x00000000c5a00000, 0x00000000c5a00000, 0x00000000c5b00000|  0%| F|  |TAMS 0x00000000c5a00000, 0x00000000c5a00000| Untracked 
|  91|0x00000000c5b00000, 0x00000000c5b00000, 0x00000000c5c00000|  0%| F|  |TAMS 0x00000000c5b00000, 0x00000000c5b00000| Untracked 
|  92|0x00000000c5c00000, 0x00000000c5c00000, 0x00000000c5d00000|  0%| F|  |TAMS 0x00000000c5c00000, 0x00000000c5c00000| Untracked 
|  93|0x00000000c5d00000, 0x00000000c5d00000, 0x00000000c5e00000|  0%| F|  |TAMS 0x00000000c5d00000, 0x00000000c5d00000| Untracked 
|  94|0x00000000c5e00000, 0x00000000c5e00000, 0x00000000c5f00000|  0%| F|  |TAMS 0x00000000c5e00000, 0x00000000c5e00000| Untracked 
|  95|0x00000000c5f00000, 0x00000000c5f00000, 0x00000000c6000000|  0%| F|  |TAMS 0x00000000c5f00000, 0x00000000c5f00000| Untracked 
|  96|0x00000000c6000000, 0x00000000c6000000, 0x00000000c6100000|  0%| F|  |TAMS 0x00000000c6000000, 0x00000000c6000000| Untracked 
|  97|0x00000000c6100000, 0x00000000c6100000, 0x00000000c6200000|  0%| F|  |TAMS 0x00000000c6100000, 0x00000000c6100000| Untracked 
|  98|0x00000000c6200000, 0x00000000c6200000, 0x00000000c6300000|  0%| F|  |TAMS 0x00000000c6200000, 0x00000000c6200000| Untracked 
|  99|0x00000000c6300000, 0x00000000c6300000, 0x00000000c6400000|  0%| F|  |TAMS 0x00000000c6300000, 0x00000000c6300000| Untracked 
| 100|0x00000000c6400000, 0x00000000c6500000, 0x00000000c6500000|100%| S|CS|TAMS 0x00000000c6400000, 0x00000000c6400000| Complete 
| 101|0x00000000c6500000, 0x00000000c6600000, 0x00000000c6600000|100%| S|CS|TAMS 0x00000000c6500000, 0x00000000c6500000| Complete 
| 102|0x00000000c6600000, 0x00000000c6700000, 0x00000000c6700000|100%| S|CS|TAMS 0x00000000c6600000, 0x00000000c6600000| Complete 
| 103|0x00000000c6700000, 0x00000000c6700000, 0x00000000c6800000|  0%| F|  |TAMS 0x00000000c6700000, 0x00000000c6700000| Untracked 
| 104|0x00000000c6800000, 0x00000000c6800000, 0x00000000c6900000|  0%| F|  |TAMS 0x00000000c6800000, 0x00000000c6800000| Untracked 
| 105|0x00000000c6900000, 0x00000000c6900000, 0x00000000c6a00000|  0%| F|  |TAMS 0x00000000c6900000, 0x00000000c6900000| Untracked 
| 106|0x00000000c6a00000, 0x00000000c6a00000, 0x00000000c6b00000|  0%| F|  |TAMS 0x00000000c6a00000, 0x00000000c6a00000| Untracked 
| 107|0x00000000c6b00000, 0x00000000c6b00000, 0x00000000c6c00000|  0%| F|  |TAMS 0x00000000c6b00000, 0x00000000c6b00000| Untracked 
| 108|0x00000000c6c00000, 0x00000000c6c00000, 0x00000000c6d00000|  0%| F|  |TAMS 0x00000000c6c00000, 0x00000000c6c00000| Untracked 
| 109|0x00000000c6d00000, 0x00000000c6d00000, 0x00000000c6e00000|  0%| F|  |TAMS 0x00000000c6d00000, 0x00000000c6d00000| Untracked 
| 110|0x00000000c6e00000, 0x00000000c6e00000, 0x00000000c6f00000|  0%| F|  |TAMS 0x00000000c6e00000, 0x00000000c6e00000| Untracked 
| 111|0x00000000c6f00000, 0x00000000c6f00000, 0x00000000c7000000|  0%| F|  |TAMS 0x00000000c6f00000, 0x00000000c6f00000| Untracked 
| 112|0x00000000c7000000, 0x00000000c7000000, 0x00000000c7100000|  0%| F|  |TAMS 0x00000000c7000000, 0x00000000c7000000| Untracked 
| 113|0x00000000c7100000, 0x00000000c7100000, 0x00000000c7200000|  0%| F|  |TAMS 0x00000000c7100000, 0x00000000c7100000| Untracked 
| 114|0x00000000c7200000, 0x00000000c7200000, 0x00000000c7300000|  0%| F|  |TAMS 0x00000000c7200000, 0x00000000c7200000| Untracked 
| 115|0x00000000c7300000, 0x00000000c73626b0, 0x00000000c7400000| 38%| E|  |TAMS 0x00000000c7300000, 0x00000000c7300000| Complete 
| 116|0x00000000c7400000, 0x00000000c7500000, 0x00000000c7500000|100%| E|CS|TAMS 0x00000000c7400000, 0x00000000c7400000| Complete 
| 117|0x00000000c7500000, 0x00000000c7600000, 0x00000000c7600000|100%| E|CS|TAMS 0x00000000c7500000, 0x00000000c7500000| Complete 
| 118|0x00000000c7600000, 0x00000000c7700000, 0x00000000c7700000|100%| E|CS|TAMS 0x00000000c7600000, 0x00000000c7600000| Complete 
| 119|0x00000000c7700000, 0x00000000c7800000, 0x00000000c7800000|100%| E|CS|TAMS 0x00000000c7700000, 0x00000000c7700000| Complete 
| 120|0x00000000c7800000, 0x00000000c7900000, 0x00000000c7900000|100%| E|CS|TAMS 0x00000000c7800000, 0x00000000c7800000| Complete 
| 121|0x00000000c7900000, 0x00000000c7a00000, 0x00000000c7a00000|100%| E|CS|TAMS 0x00000000c7900000, 0x00000000c7900000| Complete 
| 122|0x00000000c7a00000, 0x00000000c7b00000, 0x00000000c7b00000|100%| E|CS|TAMS 0x00000000c7a00000, 0x00000000c7a00000| Complete 
| 123|0x00000000c7b00000, 0x00000000c7c00000, 0x00000000c7c00000|100%| E|CS|TAMS 0x00000000c7b00000, 0x00000000c7b00000| Complete 
| 124|0x00000000c7c00000, 0x00000000c7d00000, 0x00000000c7d00000|100%| E|CS|TAMS 0x00000000c7c00000, 0x00000000c7c00000| Complete 
| 125|0x00000000c7d00000, 0x00000000c7e00000, 0x00000000c7e00000|100%| E|CS|TAMS 0x00000000c7d00000, 0x00000000c7d00000| Complete 

Card table byte_map: [0x000001c757470000,0x000001c757670000] _byte_map_base: 0x000001c756e70000

Marking Bits (Prev, Next): (CMBitMap*) 0x000001c740b97de0, (CMBitMap*) 0x000001c740b97e20
 Prev Bits: [0x000001c757870000, 0x000001c758870000)
 Next Bits: [0x000001c758870000, 0x000001c759870000)

Polling page: 0x000001c740c20000

Metaspace:

Usage:
  Non-class:      9.66 MB used.
      Class:      1.09 MB used.
       Both:     10.75 MB used.

Virtual space:
  Non-class space:       64.00 MB reserved,       9.94 MB ( 16%) committed,  1 nodes.
      Class space:        1.00 GB reserved,       1.31 MB ( <1%) committed,  1 nodes.
             Both:        1.06 GB reserved,      11.25 MB (  1%) committed. 

Chunk freelists:
   Non-Class:  1.76 MB
       Class:  2.55 MB
        Both:  4.31 MB

MaxMetaspaceSize: unlimited
CompressedClassSpaceSize: 1.00 GB
Initial GC threshold: 21.00 MB
Current GC threshold: 21.00 MB
CDS: on
MetaspaceReclaimPolicy: balanced
 - commit_granule_bytes: 65536.
 - commit_granule_words: 8192.
 - virtual_space_node_default_size: 8388608.
 - enlarge_chunks_in_place: 1.
 - new_chunks_are_fully_committed: 0.
 - uncommit_free_chunks: 1.
 - use_allocation_guard: 0.


Internal statistics:

num_allocs_failed_limit: 0.
num_arena_births: 278.
num_arena_deaths: 0.
num_vsnodes_births: 2.
num_vsnodes_deaths: 0.
num_space_committed: 180.
num_space_uncommitted: 0.
num_chunks_returned_to_freelist: 0.
num_chunks_taken_from_freelist: 590.
num_chunk_merges: 0.
num_chunk_splits: 400.
num_chunks_enlarged: 285.
num_inconsistent_stats: 0.

CodeHeap 'non-profiled nmethods': size=120000Kb used=639Kb max_used=639Kb free=119360Kb
 bounds [0x000001c74f2d0000, 0x000001c74f540000, 0x000001c756800000]
CodeHeap 'profiled nmethods': size=120000Kb used=3517Kb max_used=3517Kb free=116483Kb
 bounds [0x000001c747800000, 0x000001c747b70000, 0x000001c74ed30000]
CodeHeap 'non-nmethods': size=5760Kb used=1284Kb max_used=1304Kb free=4475Kb
 bounds [0x000001c74ed30000, 0x000001c74efa0000, 0x000001c74f2d0000]
 total_blobs=2320 nmethods=1821 adapters=409
 compilation: enabled
              stopped_count=0, restarted_count=0
 full_count=0

Compilation events (20 events):
Event: 15.477 Thread 0x000001c75c315180 nmethod 1806 0x000001c747b4fc90 code [0x000001c747b4ff80, 0x000001c747b50e78]
Event: 15.477 Thread 0x000001c75c315180 1807       3       sun.util.locale.InternalLocaleBuilder::setLanguageTag (173 bytes)
Event: 15.479 Thread 0x000001c75c315180 nmethod 1807 0x000001c747b51410 code [0x000001c747b51800, 0x000001c747b53388]
Event: 15.479 Thread 0x000001c75c315180 1808       3       sun.util.locale.InternalLocaleBuilder::clear (31 bytes)
Event: 15.480 Thread 0x000001c75c315180 nmethod 1808 0x000001c747b53b10 code [0x000001c747b53ce0, 0x000001c747b53fe8]
Event: 15.480 Thread 0x000001c75c315180 1809       3       sun.util.locale.LanguageTag::getExtlangs (24 bytes)
Event: 15.480 Thread 0x000001c75c315180 nmethod 1809 0x000001c747b54090 code [0x000001c747b54260, 0x000001c747b54538]
Event: 15.480 Thread 0x000001c75c315180 1812       3       sun.util.locale.InternalLocaleBuilder::setExtensions (202 bytes)
Event: 15.486 Thread 0x000001c75c315180 nmethod 1812 0x000001c747b54610 code [0x000001c747b54b60, 0x000001c747b57988]
Event: 15.487 Thread 0x000001c75c315180 1813       3       sun.util.locale.LocaleUtils::isEmpty (19 bytes)
Event: 15.487 Thread 0x000001c75c315180 nmethod 1813 0x000001c747b58910 code [0x000001c747b58ac0, 0x000001c747b58d08]
Event: 15.487 Thread 0x000001c75c315180 1814       3       sun.util.locale.InternalLocaleBuilder::getBaseLocale (187 bytes)
Event: 15.489 Thread 0x000001c75c315180 nmethod 1814 0x000001c747b58e10 code [0x000001c747b59120, 0x000001c747b5a0c8]
Event: 15.489 Thread 0x000001c75c315180 1810       3       sun.util.locale.LanguageTag::getVariants (24 bytes)
Event: 15.490 Thread 0x000001c75c315180 nmethod 1810 0x000001c747b5a710 code [0x000001c747b5a8e0, 0x000001c747b5abb8]
Event: 15.490 Thread 0x000001c75c315180 1811       3       sun.util.locale.LanguageTag::getExtensions (24 bytes)
Event: 15.490 Thread 0x000001c75c315180 nmethod 1811 0x000001c747b5ac90 code [0x000001c747b5ae60, 0x000001c747b5b138]
Event: 15.490 Thread 0x000001c75c315180 1793       3       sun.util.locale.LanguageTag::isScript (21 bytes)
Event: 15.491 Thread 0x000001c75c315180 nmethod 1793 0x000001c747b5b210 code [0x000001c747b5b460, 0x000001c747b5bef8]
Event: 15.491 Thread 0x000001c75c315180 1794       3       sun.util.locale.LanguageTag::isRegion (36 bytes)

GC Heap History (2 events):
Event: 12.812 GC heap before
{Heap before GC invocations=0 (full 0):
 garbage-first heap   total 129024K, used 22528K [0x00000000c0000000, 0x0000000100000000)
  region size 1024K, 23 young (23552K), 0 survivors (0K)
 Metaspace       used 6896K, committed 7104K, reserved 1114112K
  class space    used 675K, committed 768K, reserved 1048576K
}
Event: 12.824 GC heap after
{Heap after GC invocations=1 (full 0):
 garbage-first heap   total 129024K, used 3856K [0x00000000c0000000, 0x0000000100000000)
  region size 1024K, 3 young (3072K), 3 survivors (3072K)
 Metaspace       used 6896K, committed 7104K, reserved 1114112K
  class space    used 675K, committed 768K, reserved 1048576K
}

Dll operation events (7 events):
Event: 0.018 Loaded shared library C:\Users\ashik\.pydev_vscode\java19\jdk-19.0.2+7-jre\bin\java.dll
Event: 0.041 Loaded shared library C:\Users\ashik\.pydev_vscode\java19\jdk-19.0.2+7-jre\bin\jsvml.dll
Event: 0.219 Loaded shared library C:\Users\ashik\.pydev_vscode\java19\jdk-19.0.2+7-jre\bin\net.dll
Event: 0.224 Loaded shared library C:\Users\ashik\.pydev_vscode\java19\jdk-19.0.2+7-jre\bin\nio.dll
Event: 0.233 Loaded shared library C:\Users\ashik\.pydev_vscode\java19\jdk-19.0.2+7-jre\bin\zip.dll
Event: 0.444 Loaded shared library C:\Users\ashik\.pydev_vscode\java19\jdk-19.0.2+7-jre\bin\jimage.dll
Event: 12.843 Loaded shared library C:\Users\ashik\.vscode\extensions\fabioz.vscode-pydev-0.15.3\server\plugins\org.eclipse.equinox.launcher.win32.win32.x86_64_1.2.900.v20240213-1244\eclipse_11900.dll

Deoptimization events (20 events):
Event: 15.411 Thread 0x000001c760fbd880 Uncommon trap: trap_request=0xffffffc6 fr.pc=0x000001c74f3639ec relative=0x000000000000148c
Event: 15.411 Thread 0x000001c760fbd880 Uncommon trap: reason=bimorphic_or_optimized_type_check action=maybe_recompile pc=0x000001c74f3639ec method=java.io.DataInputStream.readInt()I @ 4 c2
Event: 15.411 Thread 0x000001c760fbd880 DEOPT PACKING pc=0x000001c74f3639ec sp=0x0000005e2a7fe3b0
Event: 15.411 Thread 0x000001c760fbd880 DEOPT UNPACKING pc=0x000001c74ed96da3 sp=0x0000005e2a7fe370 mode 2
Event: 15.447 Thread 0x000001c760814230 Uncommon trap: trap_request=0xffffffde fr.pc=0x000001c74f35ea30 relative=0x00000000000016d0
Event: 15.447 Thread 0x000001c760814230 Uncommon trap: reason=class_check action=maybe_recompile pc=0x000001c74f35ea30 method=java.io.DataInputStream.readFully([BII)V @ 30 c2
Event: 15.447 Thread 0x000001c760814230 DEOPT PACKING pc=0x000001c74f35ea30 sp=0x0000005e2a8fcad0
Event: 15.447 Thread 0x000001c760814230 DEOPT UNPACKING pc=0x000001c74ed96da3 sp=0x0000005e2a8fca28 mode 2
Event: 15.447 Thread 0x000001c760814230 Uncommon trap: trap_request=0xffffffde fr.pc=0x000001c74f35ea30 relative=0x00000000000016d0
Event: 15.447 Thread 0x000001c760814230 Uncommon trap: reason=class_check action=maybe_recompile pc=0x000001c74f35ea30 method=java.io.DataInputStream.readFully([BII)V @ 30 c2
Event: 15.447 Thread 0x000001c760814230 DEOPT PACKING pc=0x000001c74f35ea30 sp=0x0000005e2a8fcad0
Event: 15.447 Thread 0x000001c760814230 DEOPT UNPACKING pc=0x000001c74ed96da3 sp=0x0000005e2a8fca28 mode 2
Event: 15.447 Thread 0x000001c760814230 Uncommon trap: trap_request=0xffffffde fr.pc=0x000001c74f35ea30 relative=0x00000000000016d0
Event: 15.447 Thread 0x000001c760814230 Uncommon trap: reason=class_check action=maybe_recompile pc=0x000001c74f35ea30 method=java.io.DataInputStream.readFully([BII)V @ 30 c2
Event: 15.447 Thread 0x000001c760814230 DEOPT PACKING pc=0x000001c74f35ea30 sp=0x0000005e2a8fcad0
Event: 15.447 Thread 0x000001c760814230 DEOPT UNPACKING pc=0x000001c74ed96da3 sp=0x0000005e2a8fca28 mode 2
Event: 15.447 Thread 0x000001c760814230 Uncommon trap: trap_request=0xffffffde fr.pc=0x000001c74f35ea30 relative=0x00000000000016d0
Event: 15.447 Thread 0x000001c760814230 Uncommon trap: reason=class_check action=maybe_recompile pc=0x000001c74f35ea30 method=java.io.DataInputStream.readFully([BII)V @ 30 c2
Event: 15.447 Thread 0x000001c760814230 DEOPT PACKING pc=0x000001c74f35ea30 sp=0x0000005e2a8fcad0
Event: 15.447 Thread 0x000001c760814230 DEOPT UNPACKING pc=0x000001c74ed96da3 sp=0x0000005e2a8fca28 mode 2

Classes loaded (20 events):
Event: 15.405 Loading class sun/nio/cs/UTF_8$Encoder
Event: 15.405 Loading class sun/nio/cs/UTF_8$Encoder done
Event: 15.414 Loading class java/lang/StackWalker$Option
Event: 15.414 Loading class java/lang/StackWalker$Option done
Event: 15.416 Loading class jdk/internal/module/ModulePatcher$PatchedModuleReader
Event: 15.416 Loading class jdk/internal/module/ModulePatcher$PatchedModuleReader done
Event: 15.416 Loading class sun/net/www/protocol/jrt/Handler
Event: 15.416 Loading class sun/net/www/protocol/jrt/Handler done
Event: 15.474 Loading class java/io/PrintWriter
Event: 15.474 Loading class java/io/PrintWriter done
Event: 15.474 Loading class java/io/PrintWriter$1
Event: 15.474 Loading class jdk/internal/access/JavaIOPrintWriterAccess
Event: 15.474 Loading class jdk/internal/access/JavaIOPrintWriterAccess done
Event: 15.474 Loading class java/io/PrintWriter$1 done
Event: 15.474 Loading class java/lang/Throwable$WrappedPrintWriter
Event: 15.474 Loading class java/lang/Throwable$PrintStreamOrWriter
Event: 15.475 Loading class java/lang/Throwable$PrintStreamOrWriter done
Event: 15.475 Loading class java/lang/Throwable$WrappedPrintWriter done
Event: 15.476 Loading class java/io/FileOutputStream$1
Event: 15.476 Loading class java/io/FileOutputStream$1 done

Classes unloaded (0 events):
No events

Classes redefined (0 events):
No events

Internal exceptions (20 events):
Event: 7.140 Thread 0x000001c740b52f50 Exception <a 'java/lang/NoSuchMethodError'{0x00000000c70435e8}: 'int java.lang.invoke.DirectMethodHandle$Holder.invokeSpecial(java.lang.Object, java.lang.Object, java.lang.Object, int)'> (0x00000000c70435e8) 
thrown [s\src\hotspot\share\interpreter\linkResolver.cpp, line 774]
Event: 7.145 Thread 0x000001c740b52f50 Exception <a 'java/lang/NoSuchMethodError'{0x00000000c705bde0}: 'java.lang.Object java.lang.invoke.Invokers$Holder.invokeExact_MT(java.lang.Object, java.lang.Object, java.lang.Object, java.lang.Object, java.lang.Object, java.lang.Object)'> (0x00000000c705bde0) 
thrown [s\src\hotspot\share\interpreter\linkResolver.cpp, line 774]
Event: 7.148 Thread 0x000001c740b52f50 Exception <a 'java/lang/NoSuchMethodError'{0x00000000c706a260}: 'int java.lang.invoke.DirectMethodHandle$Holder.invokeStaticInit(java.lang.Object, java.lang.Object, java.lang.Object, java.lang.Object)'> (0x00000000c706a260) 
thrown [s\src\hotspot\share\interpreter\linkResolver.cpp, line 774]
Event: 7.150 Thread 0x000001c740b52f50 Exception <a 'java/lang/NoSuchMethodError'{0x00000000c7073ce8}: 'java.lang.Object java.lang.invoke.DirectMethodHandle$Holder.invokeInterface(java.lang.Object, java.lang.Object)'> (0x00000000c7073ce8) 
thrown [s\src\hotspot\share\interpreter\linkResolver.cpp, line 774]
Event: 7.150 Thread 0x000001c740b52f50 Exception <a 'java/lang/IncompatibleClassChangeError'{0x00000000c7077740}: Found class java.lang.Object, but interface was expected> (0x00000000c7077740) 
thrown [s\src\hotspot\share\interpreter\linkResolver.cpp, line 841]
Event: 7.151 Thread 0x000001c740b52f50 Exception <a 'java/lang/NoSuchMethodError'{0x00000000c707a718}: 'void java.lang.invoke.DirectMethodHandle$Holder.invokeStatic(java.lang.Object, java.lang.Object)'> (0x00000000c707a718) 
thrown [s\src\hotspot\share\interpreter\linkResolver.cpp, line 774]
Event: 7.151 Thread 0x000001c740b52f50 Exception <a 'java/lang/NoSuchMethodError'{0x00000000c707de38}: 'void java.lang.invoke.DirectMethodHandle$Holder.invokeStaticInit(java.lang.Object, java.lang.Object)'> (0x00000000c707de38) 
thrown [s\src\hotspot\share\interpreter\linkResolver.cpp, line 774]
Event: 7.152 Thread 0x000001c740b52f50 Exception <a 'java/lang/NoSuchMethodError'{0x00000000c7083c10}: 'int java.lang.invoke.DirectMethodHandle$Holder.invokeStaticInit(java.lang.Object, java.lang.Object)'> (0x00000000c7083c10) 
thrown [s\src\hotspot\share\interpreter\linkResolver.cpp, line 774]
Event: 7.205 Thread 0x000001c740b52f50 Exception <a 'java/lang/NoSuchMethodError'{0x00000000c6f3e8c0}: 'void java.lang.invoke.DirectMethodHandle$Holder.invokeSpecial(java.lang.Object, java.lang.Object, java.lang.Object)'> (0x00000000c6f3e8c0) 
thrown [s\src\hotspot\share\interpreter\linkResolver.cpp, line 774]
Event: 12.427 Thread 0x000001c740b52f50 Exception <a 'java/lang/NoSuchMethodError'{0x00000000c6c65ff8}: 'int java.lang.invoke.DirectMethodHandle$Holder.invokeVirtual(java.lang.Object, java.lang.Object)'> (0x00000000c6c65ff8) 
thrown [s\src\hotspot\share\interpreter\linkResolver.cpp, line 774]
Event: 12.566 Thread 0x000001c740b52f50 Exception <a 'java/lang/NoSuchMethodError'{0x00000000c6a917c8}: 'java.lang.Object java.lang.invoke.DirectMethodHandle$Holder.newInvokeSpecial(java.lang.Object, int, java.lang.Object)'> (0x00000000c6a917c8) 
thrown [s\src\hotspot\share\interpreter\linkResolver.cpp, line 774]
Event: 12.571 Thread 0x000001c740b52f50 Exception <a 'java/lang/NoSuchMethodError'{0x00000000c6aa5e98}: 'java.lang.Object java.lang.invoke.DirectMethodHandle$Holder.newInvokeSpecial(java.lang.Object, java.lang.Object, java.lang.Object, java.lang.Object, int, java.lang.Object)'> (0x00000000c6aa5e98) 
thrown [s\src\hotspot\share\interpreter\linkResolver.cpp, line 774]
Event: 12.651 Thread 0x000001c740b52f50 Implicit null exception at 0x000001c74f331714 to 0x000001c74f331d7c
Event: 12.835 Thread 0x000001c740b52f50 Exception <a 'java/lang/UnsatisfiedLinkError'{0x00000000c7d1d198}: 'void org.eclipse.equinox.launcher.JNIBridge._update_splash()'> (0x00000000c7d1d198) 
thrown [s\src\hotspot\share\prims\nativeLookup.cpp, line 432]
Event: 12.898 Thread 0x000001c760814230 Exception <a 'java/lang/NoSuchMethodError'{0x00000000c7cd7ac8}: 'java.lang.Object java.lang.invoke.DirectMethodHandle$Holder.invokeStaticInit(java.lang.Object)'> (0x00000000c7cd7ac8) 
thrown [s\src\hotspot\share\interpreter\linkResolver.cpp, line 774]
Event: 12.953 Thread 0x000001c760814230 Exception <a 'java/lang/NullPointerException'{0x00000000c7b69bb0}> (0x00000000c7b69bb0) 
thrown [s\src\hotspot\share\interpreter\linkResolver.cpp, line 1374]
Event: 12.954 Thread 0x000001c760814230 Exception <a 'java/lang/NullPointerException'{0x00000000c7b69e90}> (0x00000000c7b69e90) 
thrown [s\src\hotspot\share\interpreter\linkResolver.cpp, line 1374]
Event: 14.288 Thread 0x000001c760814230 Exception <a 'java/io/FileNotFoundException'{0x00000000c78f76d0}> (0x00000000c78f76d0) 
thrown [s\src\hotspot\share\prims\jni.cpp, line 517]
Event: 15.386 Thread 0x000001c760814230 Exception <a 'java/lang/NoSuchMethodError'{0x00000000c76940b0}: 'void java.lang.invoke.Invokers$Holder.invokeExact_MT(java.lang.Object, java.lang.Object, java.lang.Object)'> (0x00000000c76940b0) 
thrown [s\src\hotspot\share\interpreter\linkResolver.cpp, line 774]
Event: 15.469 Thread 0x000001c760814230 Exception <a 'java/lang/NoSuchMethodError'{0x00000000c747f788}: 'java.lang.Object java.lang.invoke.Invokers$Holder.linkToTargetMethod(java.lang.Object, long, java.lang.Object)'> (0x00000000c747f788) 
thrown [s\src\hotspot\share\interpreter\linkResolver.cpp, line 774]

VM Operations (20 events):
Event: 12.506 Executing VM operation: HandshakeAllThreads done
Event: 12.506 Executing VM operation: Cleanup
Event: 12.506 Executing VM operation: Cleanup done
Event: 12.531 Executing VM operation: HandshakeAllThreads
Event: 12.531 Executing VM operation: HandshakeAllThreads done
Event: 12.812 Executing VM operation: G1CollectForAllocation
Event: 12.824 Executing VM operation: G1CollectForAllocation done
Event: 12.947 Executing VM operation: HandshakeAllThreads
Event: 12.947 Executing VM operation: HandshakeAllThreads done
Event: 13.118 Executing VM operation: HandshakeAllThreads
Event: 13.118 Executing VM operation: HandshakeAllThreads done
Event: 14.122 Executing VM operation: Cleanup
Event: 14.122 Executing VM operation: Cleanup done
Event: 15.133 Executing VM operation: Cleanup
Event: 15.133 Executing VM operation: Cleanup done
Event: 15.411 Executing VM operation: HandshakeAllThreads
Event: 15.412 Executing VM operation: HandshakeAllThreads done
Event: 15.473 Executing VM operation: HandshakeAllThreads
Event: 15.473 Executing VM operation: HandshakeAllThreads done
Event: 16.484 Executing VM operation: Cleanup

Events (20 events):
Event: 0.074 Thread 0x000001c75c2d4020 Thread added: 0x000001c75c2d4020
Event: 0.075 Thread 0x000001c75c2d6e70 Thread added: 0x000001c75c2d6e70
Event: 0.075 Thread 0x000001c75c2dac30 Thread added: 0x000001c75c2dac30
Event: 0.075 Thread 0x000001c75c2fc2a0 Thread added: 0x000001c75c2fc2a0
Event: 0.076 Thread 0x000001c75c3013f0 Thread added: 0x000001c75c3013f0
Event: 0.076 Thread 0x000001c75c302050 Thread added: 0x000001c75c302050
Event: 0.081 Thread 0x000001c75c315180 Thread added: 0x000001c75c315180
Event: 0.083 Thread 0x000001c75c318380 Thread added: 0x000001c75c318380
Event: 0.150 Thread 0x000001c7605e7050 Thread added: 0x000001c7605e7050
Event: 0.208 Thread 0x000001c760619960 Thread added: 0x000001c760619960
Event: 1.728 Thread 0x000001c760a9bc40 Thread added: 0x000001c760a9bc40
Event: 3.816 Thread 0x000001c760a9bc40 Thread exited: 0x000001c760a9bc40
Event: 3.898 Thread 0x000001c760d3cb30 Thread added: 0x000001c760d3cb30
Event: 8.282 Thread 0x000001c760d3cb30 Thread exited: 0x000001c760d3cb30
Event: 8.286 Thread 0x000001c760d3cb30 Thread added: 0x000001c760d3cb30
Event: 12.503 Thread 0x000001c760ebc2f0 Thread added: 0x000001c760ebc2f0
Event: 12.830 Thread 0x000001c760fbd880 Thread added: 0x000001c760fbd880
Event: 12.832 Thread 0x000001c760814230 Thread added: 0x000001c760814230
Event: 12.875 Thread 0x000001c760c1fc60 Thread added: 0x000001c760c1fc60
Event: 13.097 Thread 0x000001c7610d1b80 Thread added: 0x000001c7610d1b80


Dynamic libraries:
0x00007ff71b000000 - 0x00007ff71b00e000 	C:\Users\ashik\.pydev_vscode\java19\jdk-19.0.2+7-jre\bin\java.exe
0x00007ffd270a0000 - 0x00007ffd27308000 	C:\WINDOWS\SYSTEM32\ntdll.dll
0x00007ffd25b30000 - 0x00007ffd25bf9000 	C:\WINDOWS\System32\KERNEL32.DLL
0x00007ffd243f0000 - 0x00007ffd247dd000 	C:\WINDOWS\System32\KERNELBASE.dll
0x00007ffd242a0000 - 0x00007ffd243eb000 	C:\WINDOWS\System32\ucrtbase.dll
0x00007ffd0e290000 - 0x00007ffd0e2a9000 	C:\Users\ashik\.pydev_vscode\java19\jdk-19.0.2+7-jre\bin\VCRUNTIME140.dll
0x00007ffd08450000 - 0x00007ffd08467000 	C:\Users\ashik\.pydev_vscode\java19\jdk-19.0.2+7-jre\bin\jli.dll
0x00007ffd26e20000 - 0x00007ffd26fec000 	C:\WINDOWS\System32\USER32.dll
0x00007ffd24ce0000 - 0x00007ffd24d07000 	C:\WINDOWS\System32\win32u.dll
0x00007ffd0d500000 - 0x00007ffd0d79a000 	C:\WINDOWS\WinSxS\amd64_microsoft.windows.common-controls_6595b64144ccf1df_6.0.26100.4484_none_3e0e6d4ce32ef3b3\COMCTL32.dll
0x00007ffd250e0000 - 0x00007ffd2510b000 	C:\WINDOWS\System32\GDI32.dll
0x00007ffd268d0000 - 0x00007ffd26979000 	C:\WINDOWS\System32\msvcrt.dll
0x00007ffd247e0000 - 0x00007ffd24917000 	C:\WINDOWS\System32\gdi32full.dll
0x00007ffd241f0000 - 0x00007ffd24293000 	C:\WINDOWS\System32\msvcp_win.dll
0x00007ffd25eb0000 - 0x00007ffd25edf000 	C:\WINDOWS\System32\IMM32.DLL
0x00007ffd100f0000 - 0x00007ffd100fc000 	C:\Users\ashik\.pydev_vscode\java19\jdk-19.0.2+7-jre\bin\vcruntime140_1.dll
0x00007ffcc23c0000 - 0x00007ffcc2451000 	C:\Users\ashik\.pydev_vscode\java19\jdk-19.0.2+7-jre\bin\msvcp140.dll
0x00007ffc88220000 - 0x00007ffc88f11000 	C:\Users\ashik\.pydev_vscode\java19\jdk-19.0.2+7-jre\bin\server\jvm.dll
0x00007ffd25d10000 - 0x00007ffd25dc4000 	C:\WINDOWS\System32\ADVAPI32.dll
0x00007ffd26450000 - 0x00007ffd264f6000 	C:\WINDOWS\System32\sechost.dll
0x00007ffd25200000 - 0x00007ffd25318000 	C:\WINDOWS\System32\RPCRT4.dll
0x00007ffd09e50000 - 0x00007ffd09e5a000 	C:\WINDOWS\SYSTEM32\WSOCK32.dll
0x00007ffd25dd0000 - 0x00007ffd25e44000 	C:\WINDOWS\System32\WS2_32.dll
0x00007ffd0f690000 - 0x00007ffd0f6c5000 	C:\WINDOWS\SYSTEM32\WINMM.dll
0x00007ffd16d60000 - 0x00007ffd16d6b000 	C:\WINDOWS\SYSTEM32\VERSION.dll
0x00007ffd22f90000 - 0x00007ffd22fab000 	C:\WINDOWS\SYSTEM32\kernel.appcore.dll
0x00007ffd0efe0000 - 0x00007ffd0efea000 	C:\Users\ashik\.pydev_vscode\java19\jdk-19.0.2+7-jre\bin\jimage.dll
0x00007ffd219c0000 - 0x00007ffd21c01000 	C:\WINDOWS\SYSTEM32\DBGHELP.DLL
0x00007ffd25ef0000 - 0x00007ffd26276000 	C:\WINDOWS\System32\combase.dll
0x00007ffd25110000 - 0x00007ffd251f0000 	C:\WINDOWS\System32\OLEAUT32.dll
0x00007ffd06520000 - 0x00007ffd06563000 	C:\WINDOWS\SYSTEM32\dbgcore.DLL
0x00007ffd24da0000 - 0x00007ffd24e39000 	C:\WINDOWS\System32\bcryptPrimitives.dll
0x00007ffcee360000 - 0x00007ffcee386000 	C:\Users\ashik\.pydev_vscode\java19\jdk-19.0.2+7-jre\bin\java.dll
0x00007ffcc22e0000 - 0x00007ffcc23b6000 	C:\Users\ashik\.pydev_vscode\java19\jdk-19.0.2+7-jre\bin\jsvml.dll
0x00007ffd253e0000 - 0x00007ffd25b2a000 	C:\WINDOWS\System32\SHELL32.dll
0x00007ffd24b60000 - 0x00007ffd24cd4000 	C:\WINDOWS\System32\wintypes.dll
0x00007ffd21e70000 - 0x00007ffd226cb000 	C:\WINDOWS\SYSTEM32\windows.storage.dll
0x00007ffd25c10000 - 0x00007ffd25d05000 	C:\WINDOWS\System32\SHCORE.dll
0x00007ffd26ff0000 - 0x00007ffd2705a000 	C:\WINDOWS\System32\shlwapi.dll
0x00007ffd24100000 - 0x00007ffd2412f000 	C:\WINDOWS\SYSTEM32\profapi.dll
0x00007ffcfe820000 - 0x00007ffcfe833000 	C:\Users\ashik\.pydev_vscode\java19\jdk-19.0.2+7-jre\bin\net.dll
0x00007ffd17190000 - 0x00007ffd172ae000 	C:\WINDOWS\SYSTEM32\WINHTTP.dll
0x00007ffd23520000 - 0x00007ffd2358a000 	C:\WINDOWS\system32\mswsock.dll
0x00007ffcf57e0000 - 0x00007ffcf57f6000 	C:\Users\ashik\.pydev_vscode\java19\jdk-19.0.2+7-jre\bin\nio.dll
0x00007ffcedce0000 - 0x00007ffcedcf8000 	C:\Users\ashik\.pydev_vscode\java19\jdk-19.0.2+7-jre\bin\zip.dll
0x00007ffcefe20000 - 0x00007ffcefe5e000 	C:\Users\ashik\.vscode\extensions\fabioz.vscode-pydev-0.15.3\server\plugins\org.eclipse.equinox.launcher.win32.win32.x86_64_1.2.900.v20240213-1244\eclipse_11900.dll
0x00007ffd26670000 - 0x00007ffd2680e000 	C:\WINDOWS\System32\ole32.dll

dbghelp: loaded successfully - version: 4.0.5 - missing functions: none
symbol engine: initialized successfully - sym options: 0x614 - pdb path: .;C:\Users\ashik\.pydev_vscode\java19\jdk-19.0.2+7-jre\bin;C:\WINDOWS\SYSTEM32;C:\WINDOWS\WinSxS\amd64_microsoft.windows.common-controls_6595b64144ccf1df_6.0.26100.4484_none_3e0e6d4ce32ef3b3;C:\Users\ashik\.pydev_vscode\java19\jdk-19.0.2+7-jre\bin\server;C:\Users\ashik\.vscode\extensions\fabioz.vscode-pydev-0.15.3\server\plugins\org.eclipse.equinox.launcher.win32.win32.x86_64_1.2.900.v20240213-1244

VM Arguments:
jvm_args: --add-modules=ALL-SYSTEM --add-opens=java.base/java.util=ALL-UNNAMED --add-opens=java.base/java.lang=ALL-UNNAMED -Declipse.application=org.python.pydev.pydev_lsp.application -Dosgi.bundles.defaultStartLevel=4 -Declipse.product=org.python.pydev.pydev_lsp.product -Xmx1G -XX:+UseG1GC -XX:+UseStringDeduplication 
java_command: c:\Users\ashik\.vscode\extensions\fabioz.vscode-pydev-0.15.3\server\plugins\org.eclipse.equinox.launcher_1.6.700.v20240213-1244.jar -configuration c:\Users\ashik\.vscode\extensions\fabioz.vscode-pydev-0.15.3\server\config_win -data c:\Users\ashik\AppData\Roaming\Code\User\workspaceStorage\0e395f12ec09fda1e90ff1412467ec16\fabioz.vscode-pydev\pydev_ws
java_class_path (initial): c:\Users\ashik\.vscode\extensions\fabioz.vscode-pydev-0.15.3\server\plugins\org.eclipse.equinox.launcher_1.6.700.v20240213-1244.jar
Launcher Type: SUN_STANDARD

[Global flags]
     intx CICompilerCount                          = 4                                         {product} {ergonomic}
     uint ConcGCThreads                            = 2                                         {product} {ergonomic}
     uint G1ConcRefinementThreads                  = 8                                         {product} {ergonomic}
   size_t G1HeapRegionSize                         = 1048576                                   {product} {ergonomic}
    uintx GCDrainStackTargetSize                   = 64                                        {product} {ergonomic}
   size_t InitialHeapSize                          = 132120576                                 {product} {ergonomic}
   size_t MarkStackSize                            = 4194304                                   {product} {ergonomic}
   size_t MaxHeapSize                              = 1073741824                                {product} {command line}
   size_t MaxNewSize                               = 643825664                                 {product} {ergonomic}
   size_t MinHeapDeltaBytes                        = 1048576                                   {product} {ergonomic}
   size_t MinHeapSize                              = 8388608                                   {product} {ergonomic}
    uintx NonNMethodCodeHeapSize                   = 5839372                                {pd product} {ergonomic}
    uintx NonProfiledCodeHeapSize                  = 122909434                              {pd product} {ergonomic}
    uintx ProfiledCodeHeapSize                     = 122909434                              {pd product} {ergonomic}
    uintx ReservedCodeCacheSize                    = 251658240                              {pd product} {ergonomic}
     bool SegmentedCodeCache                       = true                                      {product} {ergonomic}
   size_t SoftMaxHeapSize                          = 1073741824                             {manageable} {ergonomic}
     bool UseCompressedClassPointers               = true                           {product lp64_product} {ergonomic}
     bool UseCompressedOops                        = true                           {product lp64_product} {ergonomic}
     bool UseG1GC                                  = true                                      {product} {command line}
     bool UseLargePagesIndividualAllocation        = false                                  {pd product} {ergonomic}
     bool UseStringDeduplication                   = true                                      {product} {command line}

Logging:
Log output configuration:
 #0: stdout all=warning uptime,level,tags foldmultilines=false
 #1: stderr all=off uptime,level,tags foldmultilines=false

Environment Variables:
JAVA_HOME=C:\Java\jdk-17\bin
PATH=C:\Python312\Scripts\;C:\Python312\;C:\Program Files\Common Files\Oracle\Java\javapath;C:\Windows\system32;C:\Windows;C:\Windows\System32\Wbem;C:\Windows\System32\WindowsPowerShell\v1.0\;C:\Windows\System32\OpenSSH\;C:\Program Files (x86)\NVIDIA Corporation\PhysX\Common;C:\Program Files\NVIDIA Corporation\NVIDIA NvDLISR;C:\WINDOWS\system32;C:\WINDOWS;C:\WINDOWS\System32\Wbem;C:\WINDOWS\System32\WindowsPowerShell\v1.0\;C:\WINDOWS\System32\OpenSSH\;C:\ProgramData\chocolatey\bin;BIN;C:\Users\ashik\New folder;C:\Users\ashik\OneDrive\Desktop\js sample\cassandra bin;C:\Java\jdk-17\bin;C:\Program Files\Java\jdk-17\bin;C:\Program Files\Git\cmd;C:\Program Files\nodejs\;C:\Program Files (x86)\Microsoft SQL Server\160\Tools\Binn\;C:\Program Files\Microsoft SQL Server\160\Tools\Binn\;C:\Program Files\Microsoft SQL Server\Client SDK\ODBC\170\Tools\Binn\;C:\Program Files\Microsoft SQL Server\160\DTS\Binn\;C:\Program Files (x86)\Microsoft SQL Server\160\DTS\Binn\;C:\Users\ashik\AppData\Local\Programs\Python\Python313\Scripts\;C:\Users\ashik\AppData\Local\Programs\Python\Python313\;C:\Program Files\MySQL\MySQL Shell 8.0\bin\;C:\Users\ashik\AppData\Local\Microsoft\WindowsApps;C:\Users\ashik\AppData\Local\Programs\Microsoft VS Code\bin;C:\Users\ashik\AppData\Local\GitHubDesktop\bin;C:\Program Files\JetBrains\PyCharm Community Edition 2024.3.3\bin;C:\Users\ashik\AppData\Roaming\npm;c:\RIDE\Bin
USERNAME=ashik
OS=Windows_NT
PROCESSOR_IDENTIFIER=Intel64 Family 6 Model 165 Stepping 2, GenuineIntel
TMP=C:\Users\ashik\AppData\Local\Temp
TEMP=C:\Users\ashik\AppData\Local\Temp



---------------  S Y S T E M  ---------------

OS:
 Windows 11 , 64 bit Build 26100 (10.0.26100.4484)
OS uptime: 0 days 16:19 hours

CPU: total 8 (initial active 8) (4 cores per cpu, 2 threads per core) family 6 model 165 stepping 2 microcode 0xe0, cx8, cmov, fxsr, ht, mmx, 3dnowpref, sse, sse2, sse3, ssse3, sse4.1, sse4.2, popcnt, lzcnt, tsc, tscinvbit, avx, avx2, aes, erms, clmul, bmi1, bmi2, adx, fma, vzeroupper, clflush, clflushopt, rdtscp

Memory: 4k page, system-wide physical 8029M (436M free)
TotalPageFile size 20528M (AvailPageFile size 5M)
current process WorkingSet (physical memory assigned to process): 89M, peak: 89M
current process commit charge ("private bytes"): 232M, peak: 232M

vm_info: OpenJDK 64-Bit Server VM (19.0.2+7) for windows-amd64 JRE (19.0.2+7), built on 2023-01-17T00:00:00Z by "temurin" with MS VC++ 16.7 (VS2019)

END.
